2020-09-05 14:17:41,979 INFO 94748 [Timer] /Users/reng/Desktop/egg-demo/node_modules/egg-multipart/app/schedule/clean_tmpdir.js next time will execute after 51138024ms at 2020-09-06 04:30:00.003
2020-09-05 14:17:41,979 INFO 94748 [Timer] /Users/reng/Desktop/egg-demo/node_modules/egg-logrotator/app/schedule/clean_log.js next time will execute after 34938021ms at 2020-09-06 00:00:00.000
2020-09-05 14:17:41,979 INFO 94748 [Timer] /Users/reng/Desktop/egg-demo/node_modules/egg-logrotator/app/schedule/rotate_by_file.js next time will execute after 34939021ms at 2020-09-06 00:00:01.000
2020-09-05 14:17:41,885 INFO 94754 [egg-schedule]: register schedule /Users/reng/Desktop/egg-demo/node_modules/egg-multipart/app/schedule/clean_tmpdir.js
2020-09-05 14:17:41,885 INFO 94754 [egg-schedule]: register schedule /Users/reng/Desktop/egg-demo/node_modules/egg-logrotator/app/schedule/clean_log.js
2020-09-05 14:17:41,885 INFO 94754 [egg-schedule]: register schedule /Users/reng/Desktop/egg-demo/node_modules/egg-logrotator/app/schedule/rotate_by_file.js
2020-09-05 14:24:27,242 INFO 95592 [Timer] /Users/reng/Desktop/egg-demo/node_modules/egg-multipart/app/schedule/clean_tmpdir.js next time will execute after 50732760ms at 2020-09-06 04:30:00.002
2020-09-05 14:24:27,242 INFO 95592 [Timer] /Users/reng/Desktop/egg-demo/node_modules/egg-logrotator/app/schedule/clean_log.js next time will execute after 34532758ms at 2020-09-06 00:00:00.000
2020-09-05 14:24:27,243 INFO 95592 [Timer] /Users/reng/Desktop/egg-demo/node_modules/egg-logrotator/app/schedule/rotate_by_file.js next time will execute after 34533758ms at 2020-09-06 00:00:01.001
2020-09-05 14:24:27,149 INFO 95596 [egg-schedule]: register schedule /Users/reng/Desktop/egg-demo/node_modules/egg-multipart/app/schedule/clean_tmpdir.js
2020-09-05 14:24:27,149 INFO 95596 [egg-schedule]: register schedule /Users/reng/Desktop/egg-demo/node_modules/egg-logrotator/app/schedule/clean_log.js
2020-09-05 14:24:27,149 INFO 95596 [egg-schedule]: register schedule /Users/reng/Desktop/egg-demo/node_modules/egg-logrotator/app/schedule/rotate_by_file.js
2020-09-05 14:24:57,200 INFO 95662 [egg-schedule]: register schedule /Users/reng/Desktop/egg-demo/node_modules/egg-multipart/app/schedule/clean_tmpdir.js
2020-09-05 14:24:57,200 INFO 95662 [egg-schedule]: register schedule /Users/reng/Desktop/egg-demo/node_modules/egg-logrotator/app/schedule/clean_log.js
2020-09-05 14:24:57,200 INFO 95662 [egg-schedule]: register schedule /Users/reng/Desktop/egg-demo/node_modules/egg-logrotator/app/schedule/rotate_by_file.js
2020-09-05 14:25:47,928 INFO 95779 [egg-schedule]: register schedule /Users/reng/Desktop/egg-demo/node_modules/egg-multipart/app/schedule/clean_tmpdir.js
2020-09-05 14:25:47,928 INFO 95779 [egg-schedule]: register schedule /Users/reng/Desktop/egg-demo/node_modules/egg-logrotator/app/schedule/clean_log.js
2020-09-05 14:25:47,928 INFO 95779 [egg-schedule]: register schedule /Users/reng/Desktop/egg-demo/node_modules/egg-logrotator/app/schedule/rotate_by_file.js
2020-09-05 14:25:49,099 INFO 95785 [egg-schedule]: register schedule /Users/reng/Desktop/egg-demo/node_modules/egg-multipart/app/schedule/clean_tmpdir.js
2020-09-05 14:25:49,099 INFO 95785 [egg-schedule]: register schedule /Users/reng/Desktop/egg-demo/node_modules/egg-logrotator/app/schedule/clean_log.js
2020-09-05 14:25:49,099 INFO 95785 [egg-schedule]: register schedule /Users/reng/Desktop/egg-demo/node_modules/egg-logrotator/app/schedule/rotate_by_file.js
2020-09-05 14:26:07,258 INFO 95830 [egg-schedule]: register schedule /Users/reng/Desktop/egg-demo/node_modules/egg-multipart/app/schedule/clean_tmpdir.js
2020-09-05 14:26:07,258 INFO 95830 [egg-schedule]: register schedule /Users/reng/Desktop/egg-demo/node_modules/egg-logrotator/app/schedule/clean_log.js
2020-09-05 14:26:07,258 INFO 95830 [egg-schedule]: register schedule /Users/reng/Desktop/egg-demo/node_modules/egg-logrotator/app/schedule/rotate_by_file.js
2020-09-05 14:28:14,813 INFO 96097 [egg-schedule]: register schedule /Users/reng/Desktop/egg-demo/node_modules/egg-multipart/app/schedule/clean_tmpdir.js
2020-09-05 14:28:14,813 INFO 96097 [egg-schedule]: register schedule /Users/reng/Desktop/egg-demo/node_modules/egg-logrotator/app/schedule/clean_log.js
2020-09-05 14:28:14,813 INFO 96097 [egg-schedule]: register schedule /Users/reng/Desktop/egg-demo/node_modules/egg-logrotator/app/schedule/rotate_by_file.js
2020-09-05 14:28:29,017 INFO 96120 [egg-schedule]: register schedule /Users/reng/Desktop/egg-demo/node_modules/egg-multipart/app/schedule/clean_tmpdir.js
2020-09-05 14:28:29,017 INFO 96120 [egg-schedule]: register schedule /Users/reng/Desktop/egg-demo/node_modules/egg-logrotator/app/schedule/clean_log.js
2020-09-05 14:28:29,017 INFO 96120 [egg-schedule]: register schedule /Users/reng/Desktop/egg-demo/node_modules/egg-logrotator/app/schedule/rotate_by_file.js
2020-09-05 14:28:36,129 INFO 96151 [Timer] /Users/reng/Desktop/egg-demo/node_modules/egg-multipart/app/schedule/clean_tmpdir.js next time will execute after 50483873ms at 2020-09-06 04:30:00.002
2020-09-05 14:28:36,130 INFO 96151 [Timer] /Users/reng/Desktop/egg-demo/node_modules/egg-logrotator/app/schedule/clean_log.js next time will execute after 34283870ms at 2020-09-06 00:00:00.000
2020-09-05 14:28:36,130 INFO 96151 [Timer] /Users/reng/Desktop/egg-demo/node_modules/egg-logrotator/app/schedule/rotate_by_file.js next time will execute after 34284870ms at 2020-09-06 00:00:01.000
2020-09-05 14:28:36,071 INFO 96155 [egg-schedule]: register schedule /Users/reng/Desktop/egg-demo/node_modules/egg-multipart/app/schedule/clean_tmpdir.js
2020-09-05 14:28:36,071 INFO 96155 [egg-schedule]: register schedule /Users/reng/Desktop/egg-demo/node_modules/egg-logrotator/app/schedule/clean_log.js
2020-09-05 14:28:36,071 INFO 96155 [egg-schedule]: register schedule /Users/reng/Desktop/egg-demo/node_modules/egg-logrotator/app/schedule/rotate_by_file.js
2020-09-05 14:29:48,006 INFO 96312 [egg-schedule]: register schedule /Users/reng/Desktop/egg-demo/node_modules/egg-multipart/app/schedule/clean_tmpdir.js
2020-09-05 14:29:48,006 INFO 96312 [egg-schedule]: register schedule /Users/reng/Desktop/egg-demo/node_modules/egg-logrotator/app/schedule/clean_log.js
2020-09-05 14:29:48,006 INFO 96312 [egg-schedule]: register schedule /Users/reng/Desktop/egg-demo/node_modules/egg-logrotator/app/schedule/rotate_by_file.js
2020-09-05 14:30:32,500 INFO 96404 [egg-schedule]: register schedule /Users/reng/Desktop/egg-demo/node_modules/egg-multipart/app/schedule/clean_tmpdir.js
2020-09-05 14:30:32,500 INFO 96404 [egg-schedule]: register schedule /Users/reng/Desktop/egg-demo/node_modules/egg-logrotator/app/schedule/clean_log.js
2020-09-05 14:30:32,500 INFO 96404 [egg-schedule]: register schedule /Users/reng/Desktop/egg-demo/node_modules/egg-logrotator/app/schedule/rotate_by_file.js
2020-09-05 14:33:49,127 INFO 96784 [egg-schedule]: register schedule /Users/reng/Desktop/egg-demo/node_modules/egg-multipart/app/schedule/clean_tmpdir.js
2020-09-05 14:33:49,127 INFO 96784 [egg-schedule]: register schedule /Users/reng/Desktop/egg-demo/node_modules/egg-logrotator/app/schedule/clean_log.js
2020-09-05 14:33:49,127 INFO 96784 [egg-schedule]: register schedule /Users/reng/Desktop/egg-demo/node_modules/egg-logrotator/app/schedule/rotate_by_file.js
2020-09-05 14:33:54,889 INFO 96809 [egg-schedule]: register schedule /Users/reng/Desktop/egg-demo/node_modules/egg-multipart/app/schedule/clean_tmpdir.js
2020-09-05 14:33:54,889 INFO 96809 [egg-schedule]: register schedule /Users/reng/Desktop/egg-demo/node_modules/egg-logrotator/app/schedule/clean_log.js
2020-09-05 14:33:54,889 INFO 96809 [egg-schedule]: register schedule /Users/reng/Desktop/egg-demo/node_modules/egg-logrotator/app/schedule/rotate_by_file.js
2020-09-05 14:34:33,265 INFO 96899 [egg-schedule]: register schedule /Users/reng/Desktop/egg-demo/node_modules/egg-multipart/app/schedule/clean_tmpdir.js
2020-09-05 14:34:33,265 INFO 96899 [egg-schedule]: register schedule /Users/reng/Desktop/egg-demo/node_modules/egg-logrotator/app/schedule/clean_log.js
2020-09-05 14:34:33,265 INFO 96899 [egg-schedule]: register schedule /Users/reng/Desktop/egg-demo/node_modules/egg-logrotator/app/schedule/rotate_by_file.js
2020-09-05 14:35:40,085 INFO 97044 [egg-schedule]: register schedule /Users/reng/Desktop/egg-demo/node_modules/egg-multipart/app/schedule/clean_tmpdir.js
2020-09-05 14:35:40,085 INFO 97044 [egg-schedule]: register schedule /Users/reng/Desktop/egg-demo/node_modules/egg-logrotator/app/schedule/clean_log.js
2020-09-05 14:35:40,085 INFO 97044 [egg-schedule]: register schedule /Users/reng/Desktop/egg-demo/node_modules/egg-logrotator/app/schedule/rotate_by_file.js
2020-09-05 14:37:01,838 INFO 97222 [egg-schedule]: register schedule /Users/reng/Desktop/egg-demo/node_modules/egg-multipart/app/schedule/clean_tmpdir.js
2020-09-05 14:37:01,838 INFO 97222 [egg-schedule]: register schedule /Users/reng/Desktop/egg-demo/node_modules/egg-logrotator/app/schedule/clean_log.js
2020-09-05 14:37:01,838 INFO 97222 [egg-schedule]: register schedule /Users/reng/Desktop/egg-demo/node_modules/egg-logrotator/app/schedule/rotate_by_file.js
2020-09-05 14:37:21,267 INFO 97256 [egg-schedule]: register schedule /Users/reng/Desktop/egg-demo/node_modules/egg-multipart/app/schedule/clean_tmpdir.js
2020-09-05 14:37:21,267 INFO 97256 [egg-schedule]: register schedule /Users/reng/Desktop/egg-demo/node_modules/egg-logrotator/app/schedule/clean_log.js
2020-09-05 14:37:21,267 INFO 97256 [egg-schedule]: register schedule /Users/reng/Desktop/egg-demo/node_modules/egg-logrotator/app/schedule/rotate_by_file.js
2020-09-05 14:37:49,400 INFO 97322 [egg-schedule]: register schedule /Users/reng/Desktop/egg-demo/node_modules/egg-multipart/app/schedule/clean_tmpdir.js
2020-09-05 14:37:49,400 INFO 97322 [egg-schedule]: register schedule /Users/reng/Desktop/egg-demo/node_modules/egg-logrotator/app/schedule/clean_log.js
2020-09-05 14:37:49,400 INFO 97322 [egg-schedule]: register schedule /Users/reng/Desktop/egg-demo/node_modules/egg-logrotator/app/schedule/rotate_by_file.js
2020-09-05 14:39:31,195 INFO 97542 [egg-schedule]: register schedule /Users/reng/Desktop/egg-demo/node_modules/egg-multipart/app/schedule/clean_tmpdir.js
2020-09-05 14:39:31,195 INFO 97542 [egg-schedule]: register schedule /Users/reng/Desktop/egg-demo/node_modules/egg-logrotator/app/schedule/clean_log.js
2020-09-05 14:39:31,195 INFO 97542 [egg-schedule]: register schedule /Users/reng/Desktop/egg-demo/node_modules/egg-logrotator/app/schedule/rotate_by_file.js
2020-09-05 14:42:10,090 INFO 97876 [egg-schedule]: register schedule /Users/reng/Desktop/egg-demo/node_modules/egg-multipart/app/schedule/clean_tmpdir.js
2020-09-05 14:42:10,090 INFO 97876 [egg-schedule]: register schedule /Users/reng/Desktop/egg-demo/node_modules/egg-logrotator/app/schedule/clean_log.js
2020-09-05 14:42:10,090 INFO 97876 [egg-schedule]: register schedule /Users/reng/Desktop/egg-demo/node_modules/egg-logrotator/app/schedule/rotate_by_file.js
2020-09-05 14:42:32,631 INFO 97920 [egg-schedule]: register schedule /Users/reng/Desktop/egg-demo/node_modules/egg-multipart/app/schedule/clean_tmpdir.js
2020-09-05 14:42:32,631 INFO 97920 [egg-schedule]: register schedule /Users/reng/Desktop/egg-demo/node_modules/egg-logrotator/app/schedule/clean_log.js
2020-09-05 14:42:32,632 INFO 97920 [egg-schedule]: register schedule /Users/reng/Desktop/egg-demo/node_modules/egg-logrotator/app/schedule/rotate_by_file.js
2020-09-05 14:43:06,457 INFO 97989 [egg-schedule]: register schedule /Users/reng/Desktop/egg-demo/node_modules/egg-multipart/app/schedule/clean_tmpdir.js
2020-09-05 14:43:06,457 INFO 97989 [egg-schedule]: register schedule /Users/reng/Desktop/egg-demo/node_modules/egg-logrotator/app/schedule/clean_log.js
2020-09-05 14:43:06,457 INFO 97989 [egg-schedule]: register schedule /Users/reng/Desktop/egg-demo/node_modules/egg-logrotator/app/schedule/rotate_by_file.js
2020-09-05 14:44:35,304 INFO 98194 [egg-schedule]: register schedule /Users/reng/Desktop/egg-demo/node_modules/egg-multipart/app/schedule/clean_tmpdir.js
2020-09-05 14:44:35,305 INFO 98194 [egg-schedule]: register schedule /Users/reng/Desktop/egg-demo/node_modules/egg-logrotator/app/schedule/clean_log.js
2020-09-05 14:44:35,305 INFO 98194 [egg-schedule]: register schedule /Users/reng/Desktop/egg-demo/node_modules/egg-logrotator/app/schedule/rotate_by_file.js
2020-09-05 14:44:53,676 INFO 98220 [egg-schedule]: register schedule /Users/reng/Desktop/egg-demo/node_modules/egg-multipart/app/schedule/clean_tmpdir.js
2020-09-05 14:44:53,676 INFO 98220 [egg-schedule]: register schedule /Users/reng/Desktop/egg-demo/node_modules/egg-logrotator/app/schedule/clean_log.js
2020-09-05 14:44:53,676 INFO 98220 [egg-schedule]: register schedule /Users/reng/Desktop/egg-demo/node_modules/egg-logrotator/app/schedule/rotate_by_file.js
2020-09-05 14:45:02,256 INFO 98243 [egg-schedule]: register schedule /Users/reng/Desktop/egg-demo/node_modules/egg-multipart/app/schedule/clean_tmpdir.js
2020-09-05 14:45:02,256 INFO 98243 [egg-schedule]: register schedule /Users/reng/Desktop/egg-demo/node_modules/egg-logrotator/app/schedule/clean_log.js
2020-09-05 14:45:02,256 INFO 98243 [egg-schedule]: register schedule /Users/reng/Desktop/egg-demo/node_modules/egg-logrotator/app/schedule/rotate_by_file.js
2020-09-05 14:45:37,895 INFO 98324 [egg-schedule]: register schedule /Users/reng/Desktop/egg-demo/node_modules/egg-multipart/app/schedule/clean_tmpdir.js
2020-09-05 14:45:37,895 INFO 98324 [egg-schedule]: register schedule /Users/reng/Desktop/egg-demo/node_modules/egg-logrotator/app/schedule/clean_log.js
2020-09-05 14:45:37,895 INFO 98324 [egg-schedule]: register schedule /Users/reng/Desktop/egg-demo/node_modules/egg-logrotator/app/schedule/rotate_by_file.js
2020-09-05 14:45:49,054 INFO 98348 [egg-schedule]: register schedule /Users/reng/Desktop/egg-demo/node_modules/egg-multipart/app/schedule/clean_tmpdir.js
2020-09-05 14:45:49,054 INFO 98348 [egg-schedule]: register schedule /Users/reng/Desktop/egg-demo/node_modules/egg-logrotator/app/schedule/clean_log.js
2020-09-05 14:45:49,054 INFO 98348 [egg-schedule]: register schedule /Users/reng/Desktop/egg-demo/node_modules/egg-logrotator/app/schedule/rotate_by_file.js
2020-09-05 14:46:36,713 INFO 98461 [egg-schedule]: register schedule /Users/reng/Desktop/egg-demo/node_modules/egg-multipart/app/schedule/clean_tmpdir.js
2020-09-05 14:46:36,713 INFO 98461 [egg-schedule]: register schedule /Users/reng/Desktop/egg-demo/node_modules/egg-logrotator/app/schedule/clean_log.js
2020-09-05 14:46:36,713 INFO 98461 [egg-schedule]: register schedule /Users/reng/Desktop/egg-demo/node_modules/egg-logrotator/app/schedule/rotate_by_file.js
2020-09-05 14:46:38,150 INFO 98462 [egg-schedule]: register schedule /Users/reng/Desktop/egg-demo/node_modules/egg-multipart/app/schedule/clean_tmpdir.js
2020-09-05 14:46:38,150 INFO 98462 [egg-schedule]: register schedule /Users/reng/Desktop/egg-demo/node_modules/egg-logrotator/app/schedule/clean_log.js
2020-09-05 14:46:38,150 INFO 98462 [egg-schedule]: register schedule /Users/reng/Desktop/egg-demo/node_modules/egg-logrotator/app/schedule/rotate_by_file.js
2020-09-05 14:46:46,541 INFO 98485 [egg-schedule]: register schedule /Users/reng/Desktop/egg-demo/node_modules/egg-multipart/app/schedule/clean_tmpdir.js
2020-09-05 14:46:46,541 INFO 98485 [egg-schedule]: register schedule /Users/reng/Desktop/egg-demo/node_modules/egg-logrotator/app/schedule/clean_log.js
2020-09-05 14:46:46,541 INFO 98485 [egg-schedule]: register schedule /Users/reng/Desktop/egg-demo/node_modules/egg-logrotator/app/schedule/rotate_by_file.js
2020-09-05 14:47:02,288 INFO 98518 [egg-schedule]: register schedule /Users/reng/Desktop/egg-demo/node_modules/egg-multipart/app/schedule/clean_tmpdir.js
2020-09-05 14:47:02,288 INFO 98518 [egg-schedule]: register schedule /Users/reng/Desktop/egg-demo/node_modules/egg-logrotator/app/schedule/clean_log.js
2020-09-05 14:47:02,288 INFO 98518 [egg-schedule]: register schedule /Users/reng/Desktop/egg-demo/node_modules/egg-logrotator/app/schedule/rotate_by_file.js
2020-09-05 14:47:39,276 INFO 98603 [egg-schedule]: register schedule /Users/reng/Desktop/egg-demo/node_modules/egg-multipart/app/schedule/clean_tmpdir.js
2020-09-05 14:47:39,276 INFO 98603 [egg-schedule]: register schedule /Users/reng/Desktop/egg-demo/node_modules/egg-logrotator/app/schedule/clean_log.js
2020-09-05 14:47:39,276 INFO 98603 [egg-schedule]: register schedule /Users/reng/Desktop/egg-demo/node_modules/egg-logrotator/app/schedule/rotate_by_file.js
2020-09-05 14:48:49,508 INFO 98743 [egg-schedule]: register schedule /Users/reng/Desktop/egg-demo/node_modules/egg-multipart/app/schedule/clean_tmpdir.js
2020-09-05 14:48:49,508 INFO 98743 [egg-schedule]: register schedule /Users/reng/Desktop/egg-demo/node_modules/egg-logrotator/app/schedule/clean_log.js
2020-09-05 14:48:49,508 INFO 98743 [egg-schedule]: register schedule /Users/reng/Desktop/egg-demo/node_modules/egg-logrotator/app/schedule/rotate_by_file.js
2020-09-05 14:50:14,671 INFO 98938 [egg-schedule]: register schedule /Users/reng/Desktop/egg-demo/node_modules/egg-multipart/app/schedule/clean_tmpdir.js
2020-09-05 14:50:14,671 INFO 98938 [egg-schedule]: register schedule /Users/reng/Desktop/egg-demo/node_modules/egg-logrotator/app/schedule/clean_log.js
2020-09-05 14:50:14,671 INFO 98938 [egg-schedule]: register schedule /Users/reng/Desktop/egg-demo/node_modules/egg-logrotator/app/schedule/rotate_by_file.js
2020-09-05 14:51:29,416 INFO 99094 [egg-schedule]: register schedule /Users/reng/Desktop/egg-demo/node_modules/egg-multipart/app/schedule/clean_tmpdir.js
2020-09-05 14:51:29,416 INFO 99094 [egg-schedule]: register schedule /Users/reng/Desktop/egg-demo/node_modules/egg-logrotator/app/schedule/clean_log.js
2020-09-05 14:51:29,416 INFO 99094 [egg-schedule]: register schedule /Users/reng/Desktop/egg-demo/node_modules/egg-logrotator/app/schedule/rotate_by_file.js
2020-09-05 14:58:55,168 INFO 99962 [egg-schedule]: register schedule /Users/reng/Desktop/egg-demo/node_modules/egg-multipart/app/schedule/clean_tmpdir.js
2020-09-05 14:58:55,168 INFO 99962 [egg-schedule]: register schedule /Users/reng/Desktop/egg-demo/node_modules/egg-logrotator/app/schedule/clean_log.js
2020-09-05 14:58:55,168 INFO 99962 [egg-schedule]: register schedule /Users/reng/Desktop/egg-demo/node_modules/egg-logrotator/app/schedule/rotate_by_file.js
2020-09-05 14:59:15,785 INFO 124 [egg-schedule]: register schedule /Users/reng/Desktop/egg-demo/node_modules/egg-multipart/app/schedule/clean_tmpdir.js
2020-09-05 14:59:15,785 INFO 124 [egg-schedule]: register schedule /Users/reng/Desktop/egg-demo/node_modules/egg-logrotator/app/schedule/clean_log.js
2020-09-05 14:59:15,785 INFO 124 [egg-schedule]: register schedule /Users/reng/Desktop/egg-demo/node_modules/egg-logrotator/app/schedule/rotate_by_file.js
2020-09-05 14:59:24,401 INFO 148 [egg-schedule]: register schedule /Users/reng/Desktop/egg-demo/node_modules/egg-multipart/app/schedule/clean_tmpdir.js
2020-09-05 14:59:24,401 INFO 148 [egg-schedule]: register schedule /Users/reng/Desktop/egg-demo/node_modules/egg-logrotator/app/schedule/clean_log.js
2020-09-05 14:59:24,401 INFO 148 [egg-schedule]: register schedule /Users/reng/Desktop/egg-demo/node_modules/egg-logrotator/app/schedule/rotate_by_file.js
2020-09-05 15:02:23,275 INFO 585 [egg-schedule]: register schedule /Users/reng/Desktop/egg-demo/node_modules/egg-multipart/app/schedule/clean_tmpdir.js
2020-09-05 15:02:23,275 INFO 585 [egg-schedule]: register schedule /Users/reng/Desktop/egg-demo/node_modules/egg-logrotator/app/schedule/clean_log.js
2020-09-05 15:02:23,275 INFO 585 [egg-schedule]: register schedule /Users/reng/Desktop/egg-demo/node_modules/egg-logrotator/app/schedule/rotate_by_file.js
2020-09-05 15:02:30,954 INFO 603 [egg-schedule]: register schedule /Users/reng/Desktop/egg-demo/node_modules/egg-multipart/app/schedule/clean_tmpdir.js
2020-09-05 15:02:30,954 INFO 603 [egg-schedule]: register schedule /Users/reng/Desktop/egg-demo/node_modules/egg-logrotator/app/schedule/clean_log.js
2020-09-05 15:02:30,954 INFO 603 [egg-schedule]: register schedule /Users/reng/Desktop/egg-demo/node_modules/egg-logrotator/app/schedule/rotate_by_file.js
2020-09-05 15:02:39,391 INFO 622 [egg-schedule]: register schedule /Users/reng/Desktop/egg-demo/node_modules/egg-multipart/app/schedule/clean_tmpdir.js
2020-09-05 15:02:39,391 INFO 622 [egg-schedule]: register schedule /Users/reng/Desktop/egg-demo/node_modules/egg-logrotator/app/schedule/clean_log.js
2020-09-05 15:02:39,391 INFO 622 [egg-schedule]: register schedule /Users/reng/Desktop/egg-demo/node_modules/egg-logrotator/app/schedule/rotate_by_file.js
2020-09-05 15:03:33,940 INFO 741 [egg-schedule]: register schedule /Users/reng/Desktop/egg-demo/node_modules/egg-multipart/app/schedule/clean_tmpdir.js
2020-09-05 15:03:33,940 INFO 741 [egg-schedule]: register schedule /Users/reng/Desktop/egg-demo/node_modules/egg-logrotator/app/schedule/clean_log.js
2020-09-05 15:03:33,940 INFO 741 [egg-schedule]: register schedule /Users/reng/Desktop/egg-demo/node_modules/egg-logrotator/app/schedule/rotate_by_file.js
2020-09-05 15:03:36,905 INFO 745 [egg-schedule]: register schedule /Users/reng/Desktop/egg-demo/node_modules/egg-multipart/app/schedule/clean_tmpdir.js
2020-09-05 15:03:36,906 INFO 745 [egg-schedule]: register schedule /Users/reng/Desktop/egg-demo/node_modules/egg-logrotator/app/schedule/clean_log.js
2020-09-05 15:03:36,906 INFO 745 [egg-schedule]: register schedule /Users/reng/Desktop/egg-demo/node_modules/egg-logrotator/app/schedule/rotate_by_file.js
2020-09-05 15:03:37,939 INFO 761 [egg-schedule]: register schedule /Users/reng/Desktop/egg-demo/node_modules/egg-multipart/app/schedule/clean_tmpdir.js
2020-09-05 15:03:37,939 INFO 761 [egg-schedule]: register schedule /Users/reng/Desktop/egg-demo/node_modules/egg-logrotator/app/schedule/clean_log.js
2020-09-05 15:03:37,939 INFO 761 [egg-schedule]: register schedule /Users/reng/Desktop/egg-demo/node_modules/egg-logrotator/app/schedule/rotate_by_file.js
2020-09-05 15:06:24,448 INFO 1137 [egg-schedule]: register schedule /Users/reng/Desktop/egg-demo/node_modules/egg-multipart/app/schedule/clean_tmpdir.js
2020-09-05 15:06:24,448 INFO 1137 [egg-schedule]: register schedule /Users/reng/Desktop/egg-demo/node_modules/egg-logrotator/app/schedule/clean_log.js
2020-09-05 15:06:24,448 INFO 1137 [egg-schedule]: register schedule /Users/reng/Desktop/egg-demo/node_modules/egg-logrotator/app/schedule/rotate_by_file.js
2020-09-05 15:09:32,824 INFO 1565 [egg-schedule]: register schedule /Users/reng/Desktop/egg-demo/node_modules/egg-multipart/app/schedule/clean_tmpdir.js
2020-09-05 15:09:32,824 INFO 1565 [egg-schedule]: register schedule /Users/reng/Desktop/egg-demo/node_modules/egg-logrotator/app/schedule/clean_log.js
2020-09-05 15:09:32,824 INFO 1565 [egg-schedule]: register schedule /Users/reng/Desktop/egg-demo/node_modules/egg-logrotator/app/schedule/rotate_by_file.js
2020-09-05 15:09:56,446 INFO 1616 [egg-schedule]: register schedule /Users/reng/Desktop/egg-demo/node_modules/egg-multipart/app/schedule/clean_tmpdir.js
2020-09-05 15:09:56,446 INFO 1616 [egg-schedule]: register schedule /Users/reng/Desktop/egg-demo/node_modules/egg-logrotator/app/schedule/clean_log.js
2020-09-05 15:09:56,446 INFO 1616 [egg-schedule]: register schedule /Users/reng/Desktop/egg-demo/node_modules/egg-logrotator/app/schedule/rotate_by_file.js
2020-09-05 15:13:03,344 INFO 2015 [egg-schedule]: register schedule /Users/reng/Desktop/egg-demo/node_modules/egg-multipart/app/schedule/clean_tmpdir.js
2020-09-05 15:13:03,344 INFO 2015 [egg-schedule]: register schedule /Users/reng/Desktop/egg-demo/node_modules/egg-logrotator/app/schedule/clean_log.js
2020-09-05 15:13:03,344 INFO 2015 [egg-schedule]: register schedule /Users/reng/Desktop/egg-demo/node_modules/egg-logrotator/app/schedule/rotate_by_file.js
2020-09-05 15:13:37,568 INFO 2088 [egg-schedule]: register schedule /Users/reng/Desktop/egg-demo/node_modules/egg-multipart/app/schedule/clean_tmpdir.js
2020-09-05 15:13:37,568 INFO 2088 [egg-schedule]: register schedule /Users/reng/Desktop/egg-demo/node_modules/egg-logrotator/app/schedule/clean_log.js
2020-09-05 15:13:37,568 INFO 2088 [egg-schedule]: register schedule /Users/reng/Desktop/egg-demo/node_modules/egg-logrotator/app/schedule/rotate_by_file.js
2020-09-05 15:15:02,923 INFO 2268 [egg-schedule]: register schedule /Users/reng/Desktop/egg-demo/node_modules/egg-multipart/app/schedule/clean_tmpdir.js
2020-09-05 15:15:02,923 INFO 2268 [egg-schedule]: register schedule /Users/reng/Desktop/egg-demo/node_modules/egg-logrotator/app/schedule/clean_log.js
2020-09-05 15:15:02,923 INFO 2268 [egg-schedule]: register schedule /Users/reng/Desktop/egg-demo/node_modules/egg-logrotator/app/schedule/rotate_by_file.js
2020-09-05 15:15:37,234 INFO 2340 [egg-schedule]: register schedule /Users/reng/Desktop/egg-demo/node_modules/egg-multipart/app/schedule/clean_tmpdir.js
2020-09-05 15:15:37,234 INFO 2340 [egg-schedule]: register schedule /Users/reng/Desktop/egg-demo/node_modules/egg-logrotator/app/schedule/clean_log.js
2020-09-05 15:15:37,234 INFO 2340 [egg-schedule]: register schedule /Users/reng/Desktop/egg-demo/node_modules/egg-logrotator/app/schedule/rotate_by_file.js
2020-09-05 15:15:54,154 INFO 2381 [egg-schedule]: register schedule /Users/reng/Desktop/egg-demo/node_modules/egg-multipart/app/schedule/clean_tmpdir.js
2020-09-05 15:15:54,154 INFO 2381 [egg-schedule]: register schedule /Users/reng/Desktop/egg-demo/node_modules/egg-logrotator/app/schedule/clean_log.js
2020-09-05 15:15:54,154 INFO 2381 [egg-schedule]: register schedule /Users/reng/Desktop/egg-demo/node_modules/egg-logrotator/app/schedule/rotate_by_file.js
2020-09-05 15:16:28,389 INFO 2450 [egg-schedule]: register schedule /Users/reng/Desktop/egg-demo/node_modules/egg-multipart/app/schedule/clean_tmpdir.js
2020-09-05 15:16:28,389 INFO 2450 [egg-schedule]: register schedule /Users/reng/Desktop/egg-demo/node_modules/egg-logrotator/app/schedule/clean_log.js
2020-09-05 15:16:28,389 INFO 2450 [egg-schedule]: register schedule /Users/reng/Desktop/egg-demo/node_modules/egg-logrotator/app/schedule/rotate_by_file.js
2020-09-05 15:16:37,492 INFO 2473 [egg-schedule]: register schedule /Users/reng/Desktop/egg-demo/node_modules/egg-multipart/app/schedule/clean_tmpdir.js
2020-09-05 15:16:37,492 INFO 2473 [egg-schedule]: register schedule /Users/reng/Desktop/egg-demo/node_modules/egg-logrotator/app/schedule/clean_log.js
2020-09-05 15:16:37,492 INFO 2473 [egg-schedule]: register schedule /Users/reng/Desktop/egg-demo/node_modules/egg-logrotator/app/schedule/rotate_by_file.js
2020-09-05 15:20:44,741 INFO 3015 [egg-schedule]: register schedule /Users/reng/Desktop/egg-demo/node_modules/egg-multipart/app/schedule/clean_tmpdir.js
2020-09-05 15:20:44,741 INFO 3015 [egg-schedule]: register schedule /Users/reng/Desktop/egg-demo/node_modules/egg-logrotator/app/schedule/clean_log.js
2020-09-05 15:20:44,741 INFO 3015 [egg-schedule]: register schedule /Users/reng/Desktop/egg-demo/node_modules/egg-logrotator/app/schedule/rotate_by_file.js
2020-09-05 15:22:00,174 INFO 3187 [egg-schedule]: register schedule /Users/reng/Desktop/egg-demo/node_modules/egg-multipart/app/schedule/clean_tmpdir.js
2020-09-05 15:22:00,174 INFO 3187 [egg-schedule]: register schedule /Users/reng/Desktop/egg-demo/node_modules/egg-logrotator/app/schedule/clean_log.js
2020-09-05 15:22:00,174 INFO 3187 [egg-schedule]: register schedule /Users/reng/Desktop/egg-demo/node_modules/egg-logrotator/app/schedule/rotate_by_file.js
2020-09-05 15:22:32,794 INFO 3256 [egg-schedule]: register schedule /Users/reng/Desktop/egg-demo/node_modules/egg-multipart/app/schedule/clean_tmpdir.js
2020-09-05 15:22:32,794 INFO 3256 [egg-schedule]: register schedule /Users/reng/Desktop/egg-demo/node_modules/egg-logrotator/app/schedule/clean_log.js
2020-09-05 15:22:32,794 INFO 3256 [egg-schedule]: register schedule /Users/reng/Desktop/egg-demo/node_modules/egg-logrotator/app/schedule/rotate_by_file.js
2020-09-05 15:23:31,888 INFO 3378 [egg-schedule]: register schedule /Users/reng/Desktop/egg-demo/node_modules/egg-multipart/app/schedule/clean_tmpdir.js
2020-09-05 15:23:31,888 INFO 3378 [egg-schedule]: register schedule /Users/reng/Desktop/egg-demo/node_modules/egg-logrotator/app/schedule/clean_log.js
2020-09-05 15:23:31,888 INFO 3378 [egg-schedule]: register schedule /Users/reng/Desktop/egg-demo/node_modules/egg-logrotator/app/schedule/rotate_by_file.js
2020-09-05 15:24:43,433 INFO 3532 [egg-schedule]: register schedule /Users/reng/Desktop/egg-demo/node_modules/egg-multipart/app/schedule/clean_tmpdir.js
2020-09-05 15:24:43,433 INFO 3532 [egg-schedule]: register schedule /Users/reng/Desktop/egg-demo/node_modules/egg-logrotator/app/schedule/clean_log.js
2020-09-05 15:24:43,433 INFO 3532 [egg-schedule]: register schedule /Users/reng/Desktop/egg-demo/node_modules/egg-logrotator/app/schedule/rotate_by_file.js
2020-09-05 15:24:45,749 INFO 3536 [egg-schedule]: register schedule /Users/reng/Desktop/egg-demo/node_modules/egg-multipart/app/schedule/clean_tmpdir.js
2020-09-05 15:24:45,749 INFO 3536 [egg-schedule]: register schedule /Users/reng/Desktop/egg-demo/node_modules/egg-logrotator/app/schedule/clean_log.js
2020-09-05 15:24:45,750 INFO 3536 [egg-schedule]: register schedule /Users/reng/Desktop/egg-demo/node_modules/egg-logrotator/app/schedule/rotate_by_file.js
2020-09-05 15:28:03,910 INFO 3952 [egg-schedule]: register schedule /Users/reng/Desktop/egg-demo/node_modules/egg-multipart/app/schedule/clean_tmpdir.js
2020-09-05 15:28:03,910 INFO 3952 [egg-schedule]: register schedule /Users/reng/Desktop/egg-demo/node_modules/egg-logrotator/app/schedule/clean_log.js
2020-09-05 15:28:03,910 INFO 3952 [egg-schedule]: register schedule /Users/reng/Desktop/egg-demo/node_modules/egg-logrotator/app/schedule/rotate_by_file.js
2020-09-05 15:30:37,342 INFO 4253 [egg-schedule]: register schedule /Users/reng/Desktop/egg-demo/node_modules/egg-multipart/app/schedule/clean_tmpdir.js
2020-09-05 15:30:37,342 INFO 4253 [egg-schedule]: register schedule /Users/reng/Desktop/egg-demo/node_modules/egg-logrotator/app/schedule/clean_log.js
2020-09-05 15:30:37,342 INFO 4253 [egg-schedule]: register schedule /Users/reng/Desktop/egg-demo/node_modules/egg-logrotator/app/schedule/rotate_by_file.js
2020-09-05 18:42:58,410 INFO 25287 [egg-schedule]: register schedule /Users/reng/Desktop/egg-demo/node_modules/egg-multipart/app/schedule/clean_tmpdir.js
2020-09-05 18:42:58,410 INFO 25287 [egg-schedule]: register schedule /Users/reng/Desktop/egg-demo/node_modules/egg-logrotator/app/schedule/clean_log.js
2020-09-05 18:42:58,410 INFO 25287 [egg-schedule]: register schedule /Users/reng/Desktop/egg-demo/node_modules/egg-logrotator/app/schedule/rotate_by_file.js
