2020-09-05 14:17:41,865 INFO 94754 [egg:logger] init all loggers with options: {"dir":"/Users/reng/Desktop/egg-demo/logs/egg-demo","encoding":"utf8","env":"local","level":"INFO","consoleLevel":"INFO","disableConsoleAfterReady":false,"outputJSON":false,"buffer":true,"appLogName":"egg-demo-web.log","coreLogName":"egg-web.log","agentLogName":"egg-agent.log","errorLogName":"common-error.log","coreLogger":{"consoleLevel":"WARN"},"allowDebugAtProd":false,"type":"application"}
2020-09-05 14:17:41,885 INFO 94754 [egg-multipart] stream mode enable
2020-09-05 14:17:41,943 INFO 94754 [egg-static] starting static serve /public/ -> /Users/reng/Desktop/egg-demo/app/public
2020-09-05 14:17:41,947 INFO 94754 [egg-security] use csrf middleware
2020-09-05 14:17:41,948 INFO 94754 [egg-security] use methodnoallow middleware
2020-09-05 14:17:41,948 INFO 94754 [egg-security] use noopen middleware
2020-09-05 14:17:41,951 INFO 94754 [egg-security] use nosniff middleware
2020-09-05 14:17:41,951 INFO 94754 [egg-security] use xssProtection middleware
2020-09-05 14:17:41,952 INFO 94754 [egg-security] use xframe middleware
2020-09-05 14:17:41,953 INFO 94754 [egg-security] use dta middleware
2020-09-05 14:17:41,953 INFO 94754 [egg-security] compose 7 middlewares into one security middleware
2020-09-05 14:17:41,959 INFO 94754 [egg:core] dump config after load, 3ms
2020-09-05 14:17:41,969 INFO 94754 [egg-watcher:application] watcher start success
2020-09-05 14:17:41,974 INFO 94754 [egg:core] dump config after ready, 3ms
2020-09-05 14:24:27,132 INFO 95596 [egg:logger] init all loggers with options: {"dir":"/Users/reng/Desktop/egg-demo/logs/egg-demo","encoding":"utf8","env":"local","level":"INFO","consoleLevel":"INFO","disableConsoleAfterReady":false,"outputJSON":false,"buffer":true,"appLogName":"egg-demo-web.log","coreLogName":"egg-web.log","agentLogName":"egg-agent.log","errorLogName":"common-error.log","coreLogger":{"consoleLevel":"WARN"},"allowDebugAtProd":false,"type":"application"}
2020-09-05 14:24:27,150 INFO 95596 [egg-multipart] stream mode enable
2020-09-05 14:24:27,209 INFO 95596 [egg-static] starting static serve /public/ -> /Users/reng/Desktop/egg-demo/app/public
2020-09-05 14:24:27,213 INFO 95596 [egg-security] use csrf middleware
2020-09-05 14:24:27,214 INFO 95596 [egg-security] use methodnoallow middleware
2020-09-05 14:24:27,215 INFO 95596 [egg-security] use noopen middleware
2020-09-05 14:24:27,216 INFO 95596 [egg-security] use nosniff middleware
2020-09-05 14:24:27,216 INFO 95596 [egg-security] use xssProtection middleware
2020-09-05 14:24:27,217 INFO 95596 [egg-security] use xframe middleware
2020-09-05 14:24:27,217 INFO 95596 [egg-security] use dta middleware
2020-09-05 14:24:27,217 INFO 95596 [egg-security] compose 7 middlewares into one security middleware
2020-09-05 14:24:27,225 INFO 95596 [egg:core] dump config after load, 4ms
2020-09-05 14:24:27,233 INFO 95596 [egg-watcher:application] watcher start success
2020-09-05 14:24:27,237 INFO 95596 [egg:core] dump config after ready, 2ms
2020-09-05 14:24:57,178 INFO 95662 [egg:logger] init all loggers with options: {"dir":"/Users/reng/Desktop/egg-demo/logs/egg-demo","encoding":"utf8","env":"local","level":"INFO","consoleLevel":"INFO","disableConsoleAfterReady":false,"outputJSON":false,"buffer":true,"appLogName":"egg-demo-web.log","coreLogName":"egg-web.log","agentLogName":"egg-agent.log","errorLogName":"common-error.log","coreLogger":{"consoleLevel":"WARN"},"allowDebugAtProd":false,"type":"application"}
2020-09-05 14:24:57,200 INFO 95662 [egg-multipart] stream mode enable
2020-09-05 14:24:57,266 INFO 95662 [egg-static] starting static serve /public/ -> /Users/reng/Desktop/egg-demo/app/public
2020-09-05 14:24:57,268 INFO 95662 [egg-security] use csrf middleware
2020-09-05 14:24:57,269 INFO 95662 [egg-security] use methodnoallow middleware
2020-09-05 14:24:57,270 INFO 95662 [egg-security] use noopen middleware
2020-09-05 14:24:57,270 INFO 95662 [egg-security] use nosniff middleware
2020-09-05 14:24:57,271 INFO 95662 [egg-security] use xssProtection middleware
2020-09-05 14:24:57,271 INFO 95662 [egg-security] use xframe middleware
2020-09-05 14:24:57,273 INFO 95662 [egg-security] use dta middleware
2020-09-05 14:24:57,273 INFO 95662 [egg-security] compose 7 middlewares into one security middleware
2020-09-05 14:24:57,279 INFO 95662 [egg:core] dump config after load, 3ms
2020-09-05 14:24:57,287 INFO 95662 [egg-watcher:application] watcher start success
2020-09-05 14:24:57,291 INFO 95662 [egg:core] dump config after ready, 3ms
2020-09-05 14:25:47,907 INFO 95779 [egg:logger] init all loggers with options: {"dir":"/Users/reng/Desktop/egg-demo/logs/egg-demo","encoding":"utf8","env":"local","level":"INFO","consoleLevel":"INFO","disableConsoleAfterReady":false,"outputJSON":false,"buffer":true,"appLogName":"egg-demo-web.log","coreLogName":"egg-web.log","agentLogName":"egg-agent.log","errorLogName":"common-error.log","coreLogger":{"consoleLevel":"WARN"},"allowDebugAtProd":false,"type":"application"}
2020-09-05 14:25:47,929 INFO 95779 [egg-multipart] stream mode enable
2020-09-05 14:25:48,000 INFO 95779 [egg-static] starting static serve /public/ -> /Users/reng/Desktop/egg-demo/app/public
2020-09-05 14:25:48,002 INFO 95779 [egg-security] use csrf middleware
2020-09-05 14:25:48,003 INFO 95779 [egg-security] use methodnoallow middleware
2020-09-05 14:25:48,005 INFO 95779 [egg-security] use noopen middleware
2020-09-05 14:25:48,005 INFO 95779 [egg-security] use nosniff middleware
2020-09-05 14:25:48,006 INFO 95779 [egg-security] use xssProtection middleware
2020-09-05 14:25:48,007 INFO 95779 [egg-security] use xframe middleware
2020-09-05 14:25:48,007 INFO 95779 [egg-security] use dta middleware
2020-09-05 14:25:48,007 INFO 95779 [egg-security] compose 7 middlewares into one security middleware
2020-09-05 14:25:48,013 INFO 95779 [egg:core] dump config after load, 3ms
2020-09-05 14:25:48,020 INFO 95779 [egg-watcher:application] watcher start success
2020-09-05 14:25:48,025 INFO 95779 [egg:core] dump config after ready, 3ms
2020-09-05 14:25:49,083 INFO 95785 [egg:logger] init all loggers with options: {"dir":"/Users/reng/Desktop/egg-demo/logs/egg-demo","encoding":"utf8","env":"local","level":"INFO","consoleLevel":"INFO","disableConsoleAfterReady":false,"outputJSON":false,"buffer":true,"appLogName":"egg-demo-web.log","coreLogName":"egg-web.log","agentLogName":"egg-agent.log","errorLogName":"common-error.log","coreLogger":{"consoleLevel":"WARN"},"allowDebugAtProd":false,"type":"application"}
2020-09-05 14:25:49,099 INFO 95785 [egg-multipart] stream mode enable
2020-09-05 14:25:49,131 INFO 95785 [egg-static] starting static serve /public/ -> /Users/reng/Desktop/egg-demo/app/public
2020-09-05 14:25:49,132 INFO 95785 [egg-security] use csrf middleware
2020-09-05 14:25:49,133 INFO 95785 [egg-security] use methodnoallow middleware
2020-09-05 14:25:49,133 INFO 95785 [egg-security] use noopen middleware
2020-09-05 14:25:49,133 INFO 95785 [egg-security] use nosniff middleware
2020-09-05 14:25:49,133 INFO 95785 [egg-security] use xssProtection middleware
2020-09-05 14:25:49,133 INFO 95785 [egg-security] use xframe middleware
2020-09-05 14:25:49,134 INFO 95785 [egg-security] use dta middleware
2020-09-05 14:25:49,134 INFO 95785 [egg-security] compose 7 middlewares into one security middleware
2020-09-05 14:25:49,139 INFO 95785 [egg:core] dump config after load, 3ms
2020-09-05 14:25:49,146 INFO 95785 [egg-watcher:application] watcher start success
2020-09-05 14:25:49,151 INFO 95785 [egg:core] dump config after ready, 4ms
2020-09-05 14:26:07,238 INFO 95830 [egg:logger] init all loggers with options: {"dir":"/Users/reng/Desktop/egg-demo/logs/egg-demo","encoding":"utf8","env":"local","level":"INFO","consoleLevel":"INFO","disableConsoleAfterReady":false,"outputJSON":false,"buffer":true,"appLogName":"egg-demo-web.log","coreLogName":"egg-web.log","agentLogName":"egg-agent.log","errorLogName":"common-error.log","coreLogger":{"consoleLevel":"WARN"},"allowDebugAtProd":false,"type":"application"}
2020-09-05 14:26:07,258 INFO 95830 [egg-multipart] stream mode enable
2020-09-05 14:26:07,326 INFO 95830 [egg-static] starting static serve /public/ -> /Users/reng/Desktop/egg-demo/app/public
2020-09-05 14:26:07,328 INFO 95830 [egg-security] use csrf middleware
2020-09-05 14:26:07,329 INFO 95830 [egg-security] use methodnoallow middleware
2020-09-05 14:26:07,330 INFO 95830 [egg-security] use noopen middleware
2020-09-05 14:26:07,330 INFO 95830 [egg-security] use nosniff middleware
2020-09-05 14:26:07,331 INFO 95830 [egg-security] use xssProtection middleware
2020-09-05 14:26:07,331 INFO 95830 [egg-security] use xframe middleware
2020-09-05 14:26:07,332 INFO 95830 [egg-security] use dta middleware
2020-09-05 14:26:07,332 INFO 95830 [egg-security] compose 7 middlewares into one security middleware
2020-09-05 14:26:07,338 INFO 95830 [egg:core] dump config after load, 3ms
2020-09-05 14:26:07,345 INFO 95830 [egg-watcher:application] watcher start success
2020-09-05 14:26:07,349 INFO 95830 [egg:core] dump config after ready, 3ms
2020-09-05 14:28:14,781 INFO 96097 [egg:logger] init all loggers with options: {"dir":"/Users/reng/Desktop/egg-demo/logs/egg-demo","encoding":"utf8","env":"local","level":"INFO","consoleLevel":"INFO","disableConsoleAfterReady":false,"outputJSON":false,"buffer":true,"appLogName":"egg-demo-web.log","coreLogName":"egg-web.log","agentLogName":"egg-agent.log","errorLogName":"common-error.log","coreLogger":{"consoleLevel":"WARN"},"allowDebugAtProd":false,"type":"application"}
2020-09-05 14:28:14,813 INFO 96097 [egg-multipart] stream mode enable
2020-09-05 14:28:14,925 INFO 96097 [egg-static] starting static serve /public/ -> /Users/reng/Desktop/egg-demo/app/public
2020-09-05 14:28:14,928 INFO 96097 [egg-security] use csrf middleware
2020-09-05 14:28:14,929 INFO 96097 [egg-security] use methodnoallow middleware
2020-09-05 14:28:14,930 INFO 96097 [egg-security] use noopen middleware
2020-09-05 14:28:14,931 INFO 96097 [egg-security] use nosniff middleware
2020-09-05 14:28:14,933 INFO 96097 [egg-security] use xssProtection middleware
2020-09-05 14:28:14,934 INFO 96097 [egg-security] use xframe middleware
2020-09-05 14:28:14,935 INFO 96097 [egg-security] use dta middleware
2020-09-05 14:28:14,935 INFO 96097 [egg-security] compose 7 middlewares into one security middleware
2020-09-05 14:28:14,944 INFO 96097 [egg:core] dump config after load, 3ms
2020-09-05 14:28:14,952 INFO 96097 [egg-watcher:application] watcher start success
2020-09-05 14:28:14,956 INFO 96097 [egg:core] dump config after ready, 3ms
2020-09-05 14:28:28,992 INFO 96120 [egg:logger] init all loggers with options: {"dir":"/Users/reng/Desktop/egg-demo/logs/egg-demo","encoding":"utf8","env":"local","level":"INFO","consoleLevel":"INFO","disableConsoleAfterReady":false,"outputJSON":false,"buffer":true,"appLogName":"egg-demo-web.log","coreLogName":"egg-web.log","agentLogName":"egg-agent.log","errorLogName":"common-error.log","coreLogger":{"consoleLevel":"WARN"},"allowDebugAtProd":false,"type":"application"}
2020-09-05 14:28:29,018 INFO 96120 [egg-multipart] stream mode enable
2020-09-05 14:28:29,101 INFO 96120 [egg-static] starting static serve /public/ -> /Users/reng/Desktop/egg-demo/app/public
2020-09-05 14:28:29,103 INFO 96120 [egg-security] use csrf middleware
2020-09-05 14:28:29,104 INFO 96120 [egg-security] use methodnoallow middleware
2020-09-05 14:28:29,105 INFO 96120 [egg-security] use noopen middleware
2020-09-05 14:28:29,107 INFO 96120 [egg-security] use nosniff middleware
2020-09-05 14:28:29,107 INFO 96120 [egg-security] use xssProtection middleware
2020-09-05 14:28:29,108 INFO 96120 [egg-security] use xframe middleware
2020-09-05 14:28:29,109 INFO 96120 [egg-security] use dta middleware
2020-09-05 14:28:29,109 INFO 96120 [egg-security] compose 7 middlewares into one security middleware
2020-09-05 14:28:29,117 INFO 96120 [egg:core] dump config after load, 4ms
2020-09-05 14:28:29,124 INFO 96120 [egg-watcher:application] watcher start success
2020-09-05 14:28:29,128 INFO 96120 [egg:core] dump config after ready, 2ms
2020-09-05 14:28:36,055 INFO 96155 [egg:logger] init all loggers with options: {"dir":"/Users/reng/Desktop/egg-demo/logs/egg-demo","encoding":"utf8","env":"local","level":"INFO","consoleLevel":"INFO","disableConsoleAfterReady":false,"outputJSON":false,"buffer":true,"appLogName":"egg-demo-web.log","coreLogName":"egg-web.log","agentLogName":"egg-agent.log","errorLogName":"common-error.log","coreLogger":{"consoleLevel":"WARN"},"allowDebugAtProd":false,"type":"application"}
2020-09-05 14:28:36,071 INFO 96155 [egg-multipart] stream mode enable
2020-09-05 14:28:36,103 INFO 96155 [egg-static] starting static serve /public/ -> /Users/reng/Desktop/egg-demo/app/public
2020-09-05 14:28:36,104 INFO 96155 [egg-security] use csrf middleware
2020-09-05 14:28:36,104 INFO 96155 [egg-security] use methodnoallow middleware
2020-09-05 14:28:36,105 INFO 96155 [egg-security] use noopen middleware
2020-09-05 14:28:36,105 INFO 96155 [egg-security] use nosniff middleware
2020-09-05 14:28:36,105 INFO 96155 [egg-security] use xssProtection middleware
2020-09-05 14:28:36,105 INFO 96155 [egg-security] use xframe middleware
2020-09-05 14:28:36,105 INFO 96155 [egg-security] use dta middleware
2020-09-05 14:28:36,106 INFO 96155 [egg-security] compose 7 middlewares into one security middleware
2020-09-05 14:28:36,111 INFO 96155 [egg:core] dump config after load, 3ms
2020-09-05 14:28:36,120 INFO 96155 [egg-watcher:application] watcher start success
2020-09-05 14:28:36,125 INFO 96155 [egg:core] dump config after ready, 3ms
2020-09-05 14:29:47,984 INFO 96312 [egg:logger] init all loggers with options: {"dir":"/Users/reng/Desktop/egg-demo/logs/egg-demo","encoding":"utf8","env":"local","level":"INFO","consoleLevel":"INFO","disableConsoleAfterReady":false,"outputJSON":false,"buffer":true,"appLogName":"egg-demo-web.log","coreLogName":"egg-web.log","agentLogName":"egg-agent.log","errorLogName":"common-error.log","coreLogger":{"consoleLevel":"WARN"},"allowDebugAtProd":false,"type":"application"}
2020-09-05 14:29:48,006 INFO 96312 [egg-multipart] stream mode enable
2020-09-05 14:29:48,104 INFO 96312 [egg-static] starting static serve /public/ -> /Users/reng/Desktop/egg-demo/app/public
2020-09-05 14:29:48,107 INFO 96312 [egg-security] use csrf middleware
2020-09-05 14:29:48,108 INFO 96312 [egg-security] use methodnoallow middleware
2020-09-05 14:29:48,109 INFO 96312 [egg-security] use noopen middleware
2020-09-05 14:29:48,110 INFO 96312 [egg-security] use nosniff middleware
2020-09-05 14:29:48,111 INFO 96312 [egg-security] use xssProtection middleware
2020-09-05 14:29:48,112 INFO 96312 [egg-security] use xframe middleware
2020-09-05 14:29:48,114 INFO 96312 [egg-security] use dta middleware
2020-09-05 14:29:48,115 INFO 96312 [egg-security] compose 7 middlewares into one security middleware
2020-09-05 14:29:48,122 INFO 96312 [egg:core] dump config after load, 4ms
2020-09-05 14:29:48,130 INFO 96312 [egg-watcher:application] watcher start success
2020-09-05 14:29:48,134 INFO 96312 [egg:core] dump config after ready, 3ms
2020-09-05 14:30:32,477 INFO 96404 [egg:logger] init all loggers with options: {"dir":"/Users/reng/Desktop/egg-demo/logs/egg-demo","encoding":"utf8","env":"local","level":"INFO","consoleLevel":"INFO","disableConsoleAfterReady":false,"outputJSON":false,"buffer":true,"appLogName":"egg-demo-web.log","coreLogName":"egg-web.log","agentLogName":"egg-agent.log","errorLogName":"common-error.log","coreLogger":{"consoleLevel":"WARN"},"allowDebugAtProd":false,"type":"application"}
2020-09-05 14:30:32,501 INFO 96404 [egg-multipart] stream mode enable
2020-09-05 14:30:32,566 INFO 96404 [egg-static] starting static serve /public/ -> /Users/reng/Desktop/egg-demo/app/public
2020-09-05 14:30:32,569 INFO 96404 [egg-security] use csrf middleware
2020-09-05 14:30:32,570 INFO 96404 [egg-security] use methodnoallow middleware
2020-09-05 14:30:32,571 INFO 96404 [egg-security] use noopen middleware
2020-09-05 14:30:32,571 INFO 96404 [egg-security] use nosniff middleware
2020-09-05 14:30:32,572 INFO 96404 [egg-security] use xssProtection middleware
2020-09-05 14:30:32,573 INFO 96404 [egg-security] use xframe middleware
2020-09-05 14:30:32,576 INFO 96404 [egg-security] use dta middleware
2020-09-05 14:30:32,576 INFO 96404 [egg-security] compose 7 middlewares into one security middleware
2020-09-05 14:30:32,582 INFO 96404 [egg:core] dump config after load, 3ms
2020-09-05 14:30:32,591 INFO 96404 [egg-watcher:application] watcher start success
2020-09-05 14:30:32,595 INFO 96404 [egg:core] dump config after ready, 3ms
2020-09-05 14:33:49,105 INFO 96784 [egg:logger] init all loggers with options: {"dir":"/Users/reng/Desktop/egg-demo/logs/egg-demo","encoding":"utf8","env":"local","level":"INFO","consoleLevel":"INFO","disableConsoleAfterReady":false,"outputJSON":false,"buffer":true,"appLogName":"egg-demo-web.log","coreLogName":"egg-web.log","agentLogName":"egg-agent.log","errorLogName":"common-error.log","coreLogger":{"consoleLevel":"WARN"},"allowDebugAtProd":false,"type":"application"}
2020-09-05 14:33:49,127 INFO 96784 [egg-multipart] stream mode enable
2020-09-05 14:33:49,203 INFO 96784 [egg-static] starting static serve /public/ -> /Users/reng/Desktop/egg-demo/app/public
2020-09-05 14:33:49,205 INFO 96784 [egg-security] use csrf middleware
2020-09-05 14:33:49,206 INFO 96784 [egg-security] use methodnoallow middleware
2020-09-05 14:33:49,207 INFO 96784 [egg-security] use noopen middleware
2020-09-05 14:33:49,208 INFO 96784 [egg-security] use nosniff middleware
2020-09-05 14:33:49,208 INFO 96784 [egg-security] use xssProtection middleware
2020-09-05 14:33:49,209 INFO 96784 [egg-security] use xframe middleware
2020-09-05 14:33:49,210 INFO 96784 [egg-security] use dta middleware
2020-09-05 14:33:49,210 INFO 96784 [egg-security] compose 7 middlewares into one security middleware
2020-09-05 14:33:49,219 INFO 96784 [egg:core] dump config after load, 4ms
2020-09-05 14:33:49,226 INFO 96784 [egg-watcher:application] watcher start success
2020-09-05 14:33:49,231 INFO 96784 [egg:core] dump config after ready, 3ms
2020-09-05 14:33:54,872 INFO 96809 [egg:logger] init all loggers with options: {"dir":"/Users/reng/Desktop/egg-demo/logs/egg-demo","encoding":"utf8","env":"local","level":"INFO","consoleLevel":"INFO","disableConsoleAfterReady":false,"outputJSON":false,"buffer":true,"appLogName":"egg-demo-web.log","coreLogName":"egg-web.log","agentLogName":"egg-agent.log","errorLogName":"common-error.log","coreLogger":{"consoleLevel":"WARN"},"allowDebugAtProd":false,"type":"application"}
2020-09-05 14:33:54,890 INFO 96809 [egg-multipart] stream mode enable
2020-09-05 14:33:54,923 INFO 96809 [egg-static] starting static serve /public/ -> /Users/reng/Desktop/egg-demo/app/public
2020-09-05 14:33:54,925 INFO 96809 [egg-security] use csrf middleware
2020-09-05 14:33:54,925 INFO 96809 [egg-security] use methodnoallow middleware
2020-09-05 14:33:54,926 INFO 96809 [egg-security] use noopen middleware
2020-09-05 14:33:54,926 INFO 96809 [egg-security] use nosniff middleware
2020-09-05 14:33:54,926 INFO 96809 [egg-security] use xssProtection middleware
2020-09-05 14:33:54,926 INFO 96809 [egg-security] use xframe middleware
2020-09-05 14:33:54,927 INFO 96809 [egg-security] use dta middleware
2020-09-05 14:33:54,927 INFO 96809 [egg-security] compose 7 middlewares into one security middleware
2020-09-05 14:33:54,933 INFO 96809 [egg:core] dump config after load, 3ms
2020-09-05 14:33:54,942 INFO 96809 [egg-watcher:application] watcher start success
2020-09-05 14:33:54,946 INFO 96809 [egg:core] dump config after ready, 3ms
2020-09-05 14:34:33,237 INFO 96899 [egg:logger] init all loggers with options: {"dir":"/Users/reng/Desktop/egg-demo/logs/egg-demo","encoding":"utf8","env":"local","level":"INFO","consoleLevel":"INFO","disableConsoleAfterReady":false,"outputJSON":false,"buffer":true,"appLogName":"egg-demo-web.log","coreLogName":"egg-web.log","agentLogName":"egg-agent.log","errorLogName":"common-error.log","coreLogger":{"consoleLevel":"WARN"},"allowDebugAtProd":false,"type":"application"}
2020-09-05 14:34:33,265 INFO 96899 [egg-multipart] stream mode enable
2020-09-05 14:34:33,354 INFO 96899 [egg-static] starting static serve /public/ -> /Users/reng/Desktop/egg-demo/app/public
2020-09-05 14:34:33,357 INFO 96899 [egg-security] use csrf middleware
2020-09-05 14:34:33,358 INFO 96899 [egg-security] use methodnoallow middleware
2020-09-05 14:34:33,359 INFO 96899 [egg-security] use noopen middleware
2020-09-05 14:34:33,362 INFO 96899 [egg-security] use nosniff middleware
2020-09-05 14:34:33,363 INFO 96899 [egg-security] use xssProtection middleware
2020-09-05 14:34:33,363 INFO 96899 [egg-security] use xframe middleware
2020-09-05 14:34:33,364 INFO 96899 [egg-security] use dta middleware
2020-09-05 14:34:33,364 INFO 96899 [egg-security] compose 7 middlewares into one security middleware
2020-09-05 14:34:33,371 INFO 96899 [egg:core] dump config after load, 3ms
2020-09-05 14:34:33,379 INFO 96899 [egg-watcher:application] watcher start success
2020-09-05 14:34:33,384 INFO 96899 [egg:core] dump config after ready, 3ms
2020-09-05 14:35:40,057 INFO 97044 [egg:logger] init all loggers with options: {"dir":"/Users/reng/Desktop/egg-demo/logs/egg-demo","encoding":"utf8","env":"local","level":"INFO","consoleLevel":"INFO","disableConsoleAfterReady":false,"outputJSON":false,"buffer":true,"appLogName":"egg-demo-web.log","coreLogName":"egg-web.log","agentLogName":"egg-agent.log","errorLogName":"common-error.log","coreLogger":{"consoleLevel":"WARN"},"allowDebugAtProd":false,"type":"application"}
2020-09-05 14:35:40,086 INFO 97044 [egg-multipart] stream mode enable
2020-09-05 14:35:40,176 INFO 97044 [egg-static] starting static serve /public/ -> /Users/reng/Desktop/egg-demo/app/public
2020-09-05 14:35:40,178 INFO 97044 [egg-security] use csrf middleware
2020-09-05 14:35:40,179 INFO 97044 [egg-security] use methodnoallow middleware
2020-09-05 14:35:40,180 INFO 97044 [egg-security] use noopen middleware
2020-09-05 14:35:40,182 INFO 97044 [egg-security] use nosniff middleware
2020-09-05 14:35:40,182 INFO 97044 [egg-security] use xssProtection middleware
2020-09-05 14:35:40,183 INFO 97044 [egg-security] use xframe middleware
2020-09-05 14:35:40,184 INFO 97044 [egg-security] use dta middleware
2020-09-05 14:35:40,184 INFO 97044 [egg-security] compose 7 middlewares into one security middleware
2020-09-05 14:35:40,194 INFO 97044 [egg:core] dump config after load, 4ms
2020-09-05 14:35:40,201 INFO 97044 [egg-watcher:application] watcher start success
2020-09-05 14:35:40,205 INFO 97044 [egg:core] dump config after ready, 3ms
2020-09-05 14:37:01,814 INFO 97222 [egg:logger] init all loggers with options: {"dir":"/Users/reng/Desktop/egg-demo/logs/egg-demo","encoding":"utf8","env":"local","level":"INFO","consoleLevel":"INFO","disableConsoleAfterReady":false,"outputJSON":false,"buffer":true,"appLogName":"egg-demo-web.log","coreLogName":"egg-web.log","agentLogName":"egg-agent.log","errorLogName":"common-error.log","coreLogger":{"consoleLevel":"WARN"},"allowDebugAtProd":false,"type":"application"}
2020-09-05 14:37:01,838 INFO 97222 [egg-multipart] stream mode enable
2020-09-05 14:37:01,926 INFO 97222 [egg-static] starting static serve /public/ -> /Users/reng/Desktop/egg-demo/app/public
2020-09-05 14:37:01,928 INFO 97222 [egg-security] use csrf middleware
2020-09-05 14:37:01,930 INFO 97222 [egg-security] use methodnoallow middleware
2020-09-05 14:37:01,931 INFO 97222 [egg-security] use noopen middleware
2020-09-05 14:37:01,934 INFO 97222 [egg-security] use nosniff middleware
2020-09-05 14:37:01,936 INFO 97222 [egg-security] use xssProtection middleware
2020-09-05 14:37:01,937 INFO 97222 [egg-security] use xframe middleware
2020-09-05 14:37:01,938 INFO 97222 [egg-security] use dta middleware
2020-09-05 14:37:01,938 INFO 97222 [egg-security] compose 7 middlewares into one security middleware
2020-09-05 14:37:01,946 INFO 97222 [egg:core] dump config after load, 4ms
2020-09-05 14:37:01,954 INFO 97222 [egg-watcher:application] watcher start success
2020-09-05 14:37:01,959 INFO 97222 [egg:core] dump config after ready, 3ms
2020-09-05 14:37:21,243 INFO 97256 [egg:logger] init all loggers with options: {"dir":"/Users/reng/Desktop/egg-demo/logs/egg-demo","encoding":"utf8","env":"local","level":"INFO","consoleLevel":"INFO","disableConsoleAfterReady":false,"outputJSON":false,"buffer":true,"appLogName":"egg-demo-web.log","coreLogName":"egg-web.log","agentLogName":"egg-agent.log","errorLogName":"common-error.log","coreLogger":{"consoleLevel":"WARN"},"allowDebugAtProd":false,"type":"application"}
2020-09-05 14:37:21,267 INFO 97256 [egg-multipart] stream mode enable
2020-09-05 14:37:21,354 INFO 97256 [egg-static] starting static serve /public/ -> /Users/reng/Desktop/egg-demo/app/public
2020-09-05 14:37:21,356 INFO 97256 [egg-security] use csrf middleware
2020-09-05 14:37:21,357 INFO 97256 [egg-security] use methodnoallow middleware
2020-09-05 14:37:21,358 INFO 97256 [egg-security] use noopen middleware
2020-09-05 14:37:21,359 INFO 97256 [egg-security] use nosniff middleware
2020-09-05 14:37:21,360 INFO 97256 [egg-security] use xssProtection middleware
2020-09-05 14:37:21,360 INFO 97256 [egg-security] use xframe middleware
2020-09-05 14:37:21,363 INFO 97256 [egg-security] use dta middleware
2020-09-05 14:37:21,363 INFO 97256 [egg-security] compose 7 middlewares into one security middleware
2020-09-05 14:37:21,372 INFO 97256 [egg:core] dump config after load, 5ms
2020-09-05 14:37:21,379 INFO 97256 [egg-watcher:application] watcher start success
2020-09-05 14:37:21,384 INFO 97256 [egg:core] dump config after ready, 4ms
2020-09-05 14:37:49,379 INFO 97322 [egg:logger] init all loggers with options: {"dir":"/Users/reng/Desktop/egg-demo/logs/egg-demo","encoding":"utf8","env":"local","level":"INFO","consoleLevel":"INFO","disableConsoleAfterReady":false,"outputJSON":false,"buffer":true,"appLogName":"egg-demo-web.log","coreLogName":"egg-web.log","agentLogName":"egg-agent.log","errorLogName":"common-error.log","coreLogger":{"consoleLevel":"WARN"},"allowDebugAtProd":false,"type":"application"}
2020-09-05 14:37:49,400 INFO 97322 [egg-multipart] stream mode enable
2020-09-05 14:37:49,463 INFO 97322 [egg-static] starting static serve /public/ -> /Users/reng/Desktop/egg-demo/app/public
2020-09-05 14:37:49,466 INFO 97322 [egg-security] use csrf middleware
2020-09-05 14:37:49,467 INFO 97322 [egg-security] use methodnoallow middleware
2020-09-05 14:37:49,467 INFO 97322 [egg-security] use noopen middleware
2020-09-05 14:37:49,469 INFO 97322 [egg-security] use nosniff middleware
2020-09-05 14:37:49,470 INFO 97322 [egg-security] use xssProtection middleware
2020-09-05 14:37:49,470 INFO 97322 [egg-security] use xframe middleware
2020-09-05 14:37:49,471 INFO 97322 [egg-security] use dta middleware
2020-09-05 14:37:49,471 INFO 97322 [egg-security] compose 7 middlewares into one security middleware
2020-09-05 14:37:49,479 INFO 97322 [egg:core] dump config after load, 4ms
2020-09-05 14:37:49,486 INFO 97322 [egg-watcher:application] watcher start success
2020-09-05 14:37:49,490 INFO 97322 [egg:core] dump config after ready, 3ms
2020-09-05 14:39:31,167 INFO 97542 [egg:logger] init all loggers with options: {"dir":"/Users/reng/Desktop/egg-demo/logs/egg-demo","encoding":"utf8","env":"local","level":"INFO","consoleLevel":"INFO","disableConsoleAfterReady":false,"outputJSON":false,"buffer":true,"appLogName":"egg-demo-web.log","coreLogName":"egg-web.log","agentLogName":"egg-agent.log","errorLogName":"common-error.log","coreLogger":{"consoleLevel":"WARN"},"allowDebugAtProd":false,"type":"application"}
2020-09-05 14:39:31,196 INFO 97542 [egg-multipart] stream mode enable
2020-09-05 14:39:31,302 INFO 97542 [egg-static] starting static serve /public/ -> /Users/reng/Desktop/egg-demo/app/public
2020-09-05 14:39:31,306 INFO 97542 [egg-security] use csrf middleware
2020-09-05 14:39:31,307 INFO 97542 [egg-security] use methodnoallow middleware
2020-09-05 14:39:31,309 INFO 97542 [egg-security] use noopen middleware
2020-09-05 14:39:31,310 INFO 97542 [egg-security] use nosniff middleware
2020-09-05 14:39:31,311 INFO 97542 [egg-security] use xssProtection middleware
2020-09-05 14:39:31,313 INFO 97542 [egg-security] use xframe middleware
2020-09-05 14:39:31,315 INFO 97542 [egg-security] use dta middleware
2020-09-05 14:39:31,315 INFO 97542 [egg-security] compose 7 middlewares into one security middleware
2020-09-05 14:39:31,324 INFO 97542 [egg:core] dump config after load, 4ms
2020-09-05 14:39:31,332 INFO 97542 [egg-watcher:application] watcher start success
2020-09-05 14:39:31,338 INFO 97542 [egg:core] dump config after ready, 5ms
2020-09-05 14:42:10,064 INFO 97876 [egg:logger] init all loggers with options: {"dir":"/Users/reng/Desktop/egg-demo/logs/egg-demo","encoding":"utf8","env":"local","level":"INFO","consoleLevel":"INFO","disableConsoleAfterReady":false,"outputJSON":false,"buffer":true,"appLogName":"egg-demo-web.log","coreLogName":"egg-web.log","agentLogName":"egg-agent.log","errorLogName":"common-error.log","coreLogger":{"consoleLevel":"WARN"},"allowDebugAtProd":false,"type":"application"}
2020-09-05 14:42:10,091 INFO 97876 [egg-multipart] stream mode enable
2020-09-05 14:42:10,200 INFO 97876 [egg-static] starting static serve /public/ -> /Users/reng/Desktop/egg-demo/app/public
2020-09-05 14:42:10,202 INFO 97876 [egg-security] use csrf middleware
2020-09-05 14:42:10,204 INFO 97876 [egg-security] use methodnoallow middleware
2020-09-05 14:42:10,205 INFO 97876 [egg-security] use noopen middleware
2020-09-05 14:42:10,206 INFO 97876 [egg-security] use nosniff middleware
2020-09-05 14:42:10,207 INFO 97876 [egg-security] use xssProtection middleware
2020-09-05 14:42:10,208 INFO 97876 [egg-security] use xframe middleware
2020-09-05 14:42:10,209 INFO 97876 [egg-security] use dta middleware
2020-09-05 14:42:10,209 INFO 97876 [egg-security] compose 7 middlewares into one security middleware
2020-09-05 14:42:10,219 INFO 97876 [egg:core] dump config after load, 4ms
2020-09-05 14:42:10,227 INFO 97876 [egg-watcher:application] watcher start success
2020-09-05 14:42:10,231 INFO 97876 [egg:core] dump config after ready, 3ms
2020-09-05 14:42:32,609 INFO 97920 [egg:logger] init all loggers with options: {"dir":"/Users/reng/Desktop/egg-demo/logs/egg-demo","encoding":"utf8","env":"local","level":"INFO","consoleLevel":"INFO","disableConsoleAfterReady":false,"outputJSON":false,"buffer":true,"appLogName":"egg-demo-web.log","coreLogName":"egg-web.log","agentLogName":"egg-agent.log","errorLogName":"common-error.log","coreLogger":{"consoleLevel":"WARN"},"allowDebugAtProd":false,"type":"application"}
2020-09-05 14:42:32,632 INFO 97920 [egg-multipart] stream mode enable
2020-09-05 14:42:32,708 INFO 97920 [egg-static] starting static serve /public/ -> /Users/reng/Desktop/egg-demo/app/public
2020-09-05 14:42:32,710 INFO 97920 [egg-security] use csrf middleware
2020-09-05 14:42:32,711 INFO 97920 [egg-security] use methodnoallow middleware
2020-09-05 14:42:32,712 INFO 97920 [egg-security] use noopen middleware
2020-09-05 14:42:32,712 INFO 97920 [egg-security] use nosniff middleware
2020-09-05 14:42:32,713 INFO 97920 [egg-security] use xssProtection middleware
2020-09-05 14:42:32,713 INFO 97920 [egg-security] use xframe middleware
2020-09-05 14:42:32,715 INFO 97920 [egg-security] use dta middleware
2020-09-05 14:42:32,716 INFO 97920 [egg-security] compose 7 middlewares into one security middleware
2020-09-05 14:42:32,723 INFO 97920 [egg:core] dump config after load, 3ms
2020-09-05 14:42:32,731 INFO 97920 [egg-watcher:application] watcher start success
2020-09-05 14:42:32,735 INFO 97920 [egg:core] dump config after ready, 3ms
2020-09-05 14:43:06,440 INFO 97989 [egg:logger] init all loggers with options: {"dir":"/Users/reng/Desktop/egg-demo/logs/egg-demo","encoding":"utf8","env":"local","level":"INFO","consoleLevel":"INFO","disableConsoleAfterReady":false,"outputJSON":false,"buffer":true,"appLogName":"egg-demo-web.log","coreLogName":"egg-web.log","agentLogName":"egg-agent.log","errorLogName":"common-error.log","coreLogger":{"consoleLevel":"WARN"},"allowDebugAtProd":false,"type":"application"}
2020-09-05 14:43:06,457 INFO 97989 [egg-multipart] stream mode enable
2020-09-05 14:43:06,494 INFO 97989 [egg-static] starting static serve /public/ -> /Users/reng/Desktop/egg-demo/app/public
2020-09-05 14:43:06,496 INFO 97989 [egg-security] use csrf middleware
2020-09-05 14:43:06,496 INFO 97989 [egg-security] use methodnoallow middleware
2020-09-05 14:43:06,496 INFO 97989 [egg-security] use noopen middleware
2020-09-05 14:43:06,497 INFO 97989 [egg-security] use nosniff middleware
2020-09-05 14:43:06,497 INFO 97989 [egg-security] use xssProtection middleware
2020-09-05 14:43:06,497 INFO 97989 [egg-security] use xframe middleware
2020-09-05 14:43:06,497 INFO 97989 [egg-security] use dta middleware
2020-09-05 14:43:06,497 INFO 97989 [egg-security] compose 7 middlewares into one security middleware
2020-09-05 14:43:06,504 INFO 97989 [egg:core] dump config after load, 3ms
2020-09-05 14:43:06,512 INFO 97989 [egg-watcher:application] watcher start success
2020-09-05 14:43:06,516 INFO 97989 [egg:core] dump config after ready, 3ms
2020-09-05 14:44:35,286 INFO 98194 [egg:logger] init all loggers with options: {"dir":"/Users/reng/Desktop/egg-demo/logs/egg-demo","encoding":"utf8","env":"local","level":"INFO","consoleLevel":"INFO","disableConsoleAfterReady":false,"outputJSON":false,"buffer":true,"appLogName":"egg-demo-web.log","coreLogName":"egg-web.log","agentLogName":"egg-agent.log","errorLogName":"common-error.log","coreLogger":{"consoleLevel":"WARN"},"allowDebugAtProd":false,"type":"application"}
2020-09-05 14:44:35,305 INFO 98194 [egg-multipart] stream mode enable
2020-09-05 14:44:35,340 INFO 98194 [egg-static] starting static serve /public/ -> /Users/reng/Desktop/egg-demo/app/public
2020-09-05 14:44:35,342 INFO 98194 [egg-security] use csrf middleware
2020-09-05 14:44:35,342 INFO 98194 [egg-security] use methodnoallow middleware
2020-09-05 14:44:35,342 INFO 98194 [egg-security] use noopen middleware
2020-09-05 14:44:35,343 INFO 98194 [egg-security] use nosniff middleware
2020-09-05 14:44:35,343 INFO 98194 [egg-security] use xssProtection middleware
2020-09-05 14:44:35,343 INFO 98194 [egg-security] use xframe middleware
2020-09-05 14:44:35,343 INFO 98194 [egg-security] use dta middleware
2020-09-05 14:44:35,343 INFO 98194 [egg-security] compose 7 middlewares into one security middleware
2020-09-05 14:44:35,351 INFO 98194 [egg:core] dump config after load, 3ms
2020-09-05 14:44:35,358 INFO 98194 [egg-watcher:application] watcher start success
2020-09-05 14:44:35,362 INFO 98194 [egg:core] dump config after ready, 3ms
2020-09-05 14:44:38,325 ERROR 98194 nodejs.TypeError: this.res.end is not a function
    at Object.app.context.onerror (/Users/reng/Desktop/egg-demo/node_modules/koa-onerror/index.js:92:14)
    at onerror (/Users/reng/Desktop/egg-demo/node_modules/koa/lib/application.js:165:32)
    at processTicksAndRejections (internal/process/task_queues.js:94:5)

pid: 98194
hostname: rengdeMacBook-Pro.local

2020-09-05 14:44:43,795 ERROR 98194 nodejs.TypeError: this.res.end is not a function
    at Object.app.context.onerror (/Users/reng/Desktop/egg-demo/node_modules/koa-onerror/index.js:92:14)
    at onerror (/Users/reng/Desktop/egg-demo/node_modules/koa/lib/application.js:165:32)
    at processTicksAndRejections (internal/process/task_queues.js:94:5)

pid: 98194
hostname: rengdeMacBook-Pro.local

2020-09-05 14:44:53,658 INFO 98220 [egg:logger] init all loggers with options: {"dir":"/Users/reng/Desktop/egg-demo/logs/egg-demo","encoding":"utf8","env":"local","level":"INFO","consoleLevel":"INFO","disableConsoleAfterReady":false,"outputJSON":false,"buffer":true,"appLogName":"egg-demo-web.log","coreLogName":"egg-web.log","agentLogName":"egg-agent.log","errorLogName":"common-error.log","coreLogger":{"consoleLevel":"WARN"},"allowDebugAtProd":false,"type":"application"}
2020-09-05 14:44:53,677 INFO 98220 [egg-multipart] stream mode enable
2020-09-05 14:44:53,711 INFO 98220 [egg-static] starting static serve /public/ -> /Users/reng/Desktop/egg-demo/app/public
2020-09-05 14:44:53,713 INFO 98220 [egg-security] use csrf middleware
2020-09-05 14:44:53,713 INFO 98220 [egg-security] use methodnoallow middleware
2020-09-05 14:44:53,714 INFO 98220 [egg-security] use noopen middleware
2020-09-05 14:44:53,714 INFO 98220 [egg-security] use nosniff middleware
2020-09-05 14:44:53,714 INFO 98220 [egg-security] use xssProtection middleware
2020-09-05 14:44:53,715 INFO 98220 [egg-security] use xframe middleware
2020-09-05 14:44:53,715 INFO 98220 [egg-security] use dta middleware
2020-09-05 14:44:53,715 INFO 98220 [egg-security] compose 7 middlewares into one security middleware
2020-09-05 14:44:53,721 INFO 98220 [egg:core] dump config after load, 3ms
2020-09-05 14:44:53,728 INFO 98220 [egg-watcher:application] watcher start success
2020-09-05 14:44:53,733 INFO 98220 [egg:core] dump config after ready, 3ms
2020-09-05 14:45:02,239 INFO 98243 [egg:logger] init all loggers with options: {"dir":"/Users/reng/Desktop/egg-demo/logs/egg-demo","encoding":"utf8","env":"local","level":"INFO","consoleLevel":"INFO","disableConsoleAfterReady":false,"outputJSON":false,"buffer":true,"appLogName":"egg-demo-web.log","coreLogName":"egg-web.log","agentLogName":"egg-agent.log","errorLogName":"common-error.log","coreLogger":{"consoleLevel":"WARN"},"allowDebugAtProd":false,"type":"application"}
2020-09-05 14:45:02,257 INFO 98243 [egg-multipart] stream mode enable
2020-09-05 14:45:02,289 INFO 98243 [egg-static] starting static serve /public/ -> /Users/reng/Desktop/egg-demo/app/public
2020-09-05 14:45:02,290 INFO 98243 [egg-security] use csrf middleware
2020-09-05 14:45:02,291 INFO 98243 [egg-security] use methodnoallow middleware
2020-09-05 14:45:02,291 INFO 98243 [egg-security] use noopen middleware
2020-09-05 14:45:02,291 INFO 98243 [egg-security] use nosniff middleware
2020-09-05 14:45:02,291 INFO 98243 [egg-security] use xssProtection middleware
2020-09-05 14:45:02,292 INFO 98243 [egg-security] use xframe middleware
2020-09-05 14:45:02,292 INFO 98243 [egg-security] use dta middleware
2020-09-05 14:45:02,292 INFO 98243 [egg-security] compose 7 middlewares into one security middleware
2020-09-05 14:45:02,298 INFO 98243 [egg:core] dump config after load, 3ms
2020-09-05 14:45:02,305 INFO 98243 [egg-watcher:application] watcher start success
2020-09-05 14:45:02,309 INFO 98243 [egg:core] dump config after ready, 3ms
2020-09-05 14:45:04,259 ERROR 98243 nodejs.TypeError: this.res.end is not a function
    at Object.app.context.onerror (/Users/reng/Desktop/egg-demo/node_modules/koa-onerror/index.js:92:14)
    at onerror (/Users/reng/Desktop/egg-demo/node_modules/koa/lib/application.js:165:32)
    at processTicksAndRejections (internal/process/task_queues.js:94:5)

pid: 98243
hostname: rengdeMacBook-Pro.local

2020-09-05 14:45:37,877 INFO 98324 [egg:logger] init all loggers with options: {"dir":"/Users/reng/Desktop/egg-demo/logs/egg-demo","encoding":"utf8","env":"local","level":"INFO","consoleLevel":"INFO","disableConsoleAfterReady":false,"outputJSON":false,"buffer":true,"appLogName":"egg-demo-web.log","coreLogName":"egg-web.log","agentLogName":"egg-agent.log","errorLogName":"common-error.log","coreLogger":{"consoleLevel":"WARN"},"allowDebugAtProd":false,"type":"application"}
2020-09-05 14:45:37,895 INFO 98324 [egg-multipart] stream mode enable
2020-09-05 14:45:37,932 INFO 98324 [egg-static] starting static serve /public/ -> /Users/reng/Desktop/egg-demo/app/public
2020-09-05 14:45:37,934 INFO 98324 [egg-security] use csrf middleware
2020-09-05 14:45:37,934 INFO 98324 [egg-security] use methodnoallow middleware
2020-09-05 14:45:37,934 INFO 98324 [egg-security] use noopen middleware
2020-09-05 14:45:37,935 INFO 98324 [egg-security] use nosniff middleware
2020-09-05 14:45:37,935 INFO 98324 [egg-security] use xssProtection middleware
2020-09-05 14:45:37,936 INFO 98324 [egg-security] use xframe middleware
2020-09-05 14:45:37,936 INFO 98324 [egg-security] use dta middleware
2020-09-05 14:45:37,936 INFO 98324 [egg-security] compose 7 middlewares into one security middleware
2020-09-05 14:45:37,943 INFO 98324 [egg:core] dump config after load, 4ms
2020-09-05 14:45:37,950 INFO 98324 [egg-watcher:application] watcher start success
2020-09-05 14:45:37,954 INFO 98324 [egg:core] dump config after ready, 3ms
2020-09-05 14:45:49,028 INFO 98348 [egg:logger] init all loggers with options: {"dir":"/Users/reng/Desktop/egg-demo/logs/egg-demo","encoding":"utf8","env":"local","level":"INFO","consoleLevel":"INFO","disableConsoleAfterReady":false,"outputJSON":false,"buffer":true,"appLogName":"egg-demo-web.log","coreLogName":"egg-web.log","agentLogName":"egg-agent.log","errorLogName":"common-error.log","coreLogger":{"consoleLevel":"WARN"},"allowDebugAtProd":false,"type":"application"}
2020-09-05 14:45:49,055 INFO 98348 [egg-multipart] stream mode enable
2020-09-05 14:45:49,128 INFO 98348 [egg-static] starting static serve /public/ -> /Users/reng/Desktop/egg-demo/app/public
2020-09-05 14:45:49,130 INFO 98348 [egg-security] use csrf middleware
2020-09-05 14:45:49,131 INFO 98348 [egg-security] use methodnoallow middleware
2020-09-05 14:45:49,132 INFO 98348 [egg-security] use noopen middleware
2020-09-05 14:45:49,133 INFO 98348 [egg-security] use nosniff middleware
2020-09-05 14:45:49,135 INFO 98348 [egg-security] use xssProtection middleware
2020-09-05 14:45:49,138 INFO 98348 [egg-security] use xframe middleware
2020-09-05 14:45:49,138 INFO 98348 [egg-security] use dta middleware
2020-09-05 14:45:49,138 INFO 98348 [egg-security] compose 7 middlewares into one security middleware
2020-09-05 14:45:49,146 INFO 98348 [egg:core] dump config after load, 4ms
2020-09-05 14:45:49,155 INFO 98348 [egg-watcher:application] watcher start success
2020-09-05 14:45:49,160 INFO 98348 [egg:core] dump config after ready, 3ms
2020-09-05 14:46:36,686 INFO 98461 [egg:logger] init all loggers with options: {"dir":"/Users/reng/Desktop/egg-demo/logs/egg-demo","encoding":"utf8","env":"local","level":"INFO","consoleLevel":"INFO","disableConsoleAfterReady":false,"outputJSON":false,"buffer":true,"appLogName":"egg-demo-web.log","coreLogName":"egg-web.log","agentLogName":"egg-agent.log","errorLogName":"common-error.log","coreLogger":{"consoleLevel":"WARN"},"allowDebugAtProd":false,"type":"application"}
2020-09-05 14:46:36,713 INFO 98461 [egg-multipart] stream mode enable
2020-09-05 14:46:36,822 INFO 98461 [egg-static] starting static serve /public/ -> /Users/reng/Desktop/egg-demo/app/public
2020-09-05 14:46:36,825 INFO 98461 [egg-security] use csrf middleware
2020-09-05 14:46:36,827 INFO 98461 [egg-security] use methodnoallow middleware
2020-09-05 14:46:36,828 INFO 98461 [egg-security] use noopen middleware
2020-09-05 14:46:36,829 INFO 98461 [egg-security] use nosniff middleware
2020-09-05 14:46:36,831 INFO 98461 [egg-security] use xssProtection middleware
2020-09-05 14:46:36,833 INFO 98461 [egg-security] use xframe middleware
2020-09-05 14:46:36,834 INFO 98461 [egg-security] use dta middleware
2020-09-05 14:46:36,834 INFO 98461 [egg-security] compose 7 middlewares into one security middleware
2020-09-05 14:46:36,841 INFO 98461 [egg:core] dump config after load, 4ms
2020-09-05 14:46:36,849 INFO 98461 [egg-watcher:application] watcher start success
2020-09-05 14:46:36,854 INFO 98461 [egg:core] dump config after ready, 3ms
2020-09-05 14:46:38,133 INFO 98462 [egg:logger] init all loggers with options: {"dir":"/Users/reng/Desktop/egg-demo/logs/egg-demo","encoding":"utf8","env":"local","level":"INFO","consoleLevel":"INFO","disableConsoleAfterReady":false,"outputJSON":false,"buffer":true,"appLogName":"egg-demo-web.log","coreLogName":"egg-web.log","agentLogName":"egg-agent.log","errorLogName":"common-error.log","coreLogger":{"consoleLevel":"WARN"},"allowDebugAtProd":false,"type":"application"}
2020-09-05 14:46:38,150 INFO 98462 [egg-multipart] stream mode enable
2020-09-05 14:46:38,185 INFO 98462 [egg-static] starting static serve /public/ -> /Users/reng/Desktop/egg-demo/app/public
2020-09-05 14:46:38,187 INFO 98462 [egg-security] use csrf middleware
2020-09-05 14:46:38,188 INFO 98462 [egg-security] use methodnoallow middleware
2020-09-05 14:46:38,188 INFO 98462 [egg-security] use noopen middleware
2020-09-05 14:46:38,188 INFO 98462 [egg-security] use nosniff middleware
2020-09-05 14:46:38,188 INFO 98462 [egg-security] use xssProtection middleware
2020-09-05 14:46:38,188 INFO 98462 [egg-security] use xframe middleware
2020-09-05 14:46:38,189 INFO 98462 [egg-security] use dta middleware
2020-09-05 14:46:38,189 INFO 98462 [egg-security] compose 7 middlewares into one security middleware
2020-09-05 14:46:38,194 INFO 98462 [egg:core] dump config after load, 3ms
2020-09-05 14:46:38,201 INFO 98462 [egg-watcher:application] watcher start success
2020-09-05 14:46:38,206 INFO 98462 [egg:core] dump config after ready, 3ms
2020-09-05 14:46:46,525 INFO 98485 [egg:logger] init all loggers with options: {"dir":"/Users/reng/Desktop/egg-demo/logs/egg-demo","encoding":"utf8","env":"local","level":"INFO","consoleLevel":"INFO","disableConsoleAfterReady":false,"outputJSON":false,"buffer":true,"appLogName":"egg-demo-web.log","coreLogName":"egg-web.log","agentLogName":"egg-agent.log","errorLogName":"common-error.log","coreLogger":{"consoleLevel":"WARN"},"allowDebugAtProd":false,"type":"application"}
2020-09-05 14:46:46,541 INFO 98485 [egg-multipart] stream mode enable
2020-09-05 14:46:46,573 INFO 98485 [egg-static] starting static serve /public/ -> /Users/reng/Desktop/egg-demo/app/public
2020-09-05 14:46:46,574 INFO 98485 [egg-security] use csrf middleware
2020-09-05 14:46:46,575 INFO 98485 [egg-security] use methodnoallow middleware
2020-09-05 14:46:46,575 INFO 98485 [egg-security] use noopen middleware
2020-09-05 14:46:46,575 INFO 98485 [egg-security] use nosniff middleware
2020-09-05 14:46:46,576 INFO 98485 [egg-security] use xssProtection middleware
2020-09-05 14:46:46,576 INFO 98485 [egg-security] use xframe middleware
2020-09-05 14:46:46,576 INFO 98485 [egg-security] use dta middleware
2020-09-05 14:46:46,576 INFO 98485 [egg-security] compose 7 middlewares into one security middleware
2020-09-05 14:46:46,582 INFO 98485 [egg:core] dump config after load, 4ms
2020-09-05 14:46:46,588 INFO 98485 [egg-watcher:application] watcher start success
2020-09-05 14:46:46,592 INFO 98485 [egg:core] dump config after ready, 3ms
2020-09-05 14:47:02,266 INFO 98518 [egg:logger] init all loggers with options: {"dir":"/Users/reng/Desktop/egg-demo/logs/egg-demo","encoding":"utf8","env":"local","level":"INFO","consoleLevel":"INFO","disableConsoleAfterReady":false,"outputJSON":false,"buffer":true,"appLogName":"egg-demo-web.log","coreLogName":"egg-web.log","agentLogName":"egg-agent.log","errorLogName":"common-error.log","coreLogger":{"consoleLevel":"WARN"},"allowDebugAtProd":false,"type":"application"}
2020-09-05 14:47:02,289 INFO 98518 [egg-multipart] stream mode enable
2020-09-05 14:47:02,355 INFO 98518 [egg-static] starting static serve /public/ -> /Users/reng/Desktop/egg-demo/app/public
2020-09-05 14:47:02,357 INFO 98518 [egg-security] use csrf middleware
2020-09-05 14:47:02,358 INFO 98518 [egg-security] use methodnoallow middleware
2020-09-05 14:47:02,359 INFO 98518 [egg-security] use noopen middleware
2020-09-05 14:47:02,360 INFO 98518 [egg-security] use nosniff middleware
2020-09-05 14:47:02,360 INFO 98518 [egg-security] use xssProtection middleware
2020-09-05 14:47:02,363 INFO 98518 [egg-security] use xframe middleware
2020-09-05 14:47:02,363 INFO 98518 [egg-security] use dta middleware
2020-09-05 14:47:02,363 INFO 98518 [egg-security] compose 7 middlewares into one security middleware
2020-09-05 14:47:02,371 INFO 98518 [egg:core] dump config after load, 3ms
2020-09-05 14:47:02,378 INFO 98518 [egg-watcher:application] watcher start success
2020-09-05 14:47:02,382 INFO 98518 [egg:core] dump config after ready, 3ms
2020-09-05 14:47:39,250 INFO 98603 [egg:logger] init all loggers with options: {"dir":"/Users/reng/Desktop/egg-demo/logs/egg-demo","encoding":"utf8","env":"local","level":"INFO","consoleLevel":"INFO","disableConsoleAfterReady":false,"outputJSON":false,"buffer":true,"appLogName":"egg-demo-web.log","coreLogName":"egg-web.log","agentLogName":"egg-agent.log","errorLogName":"common-error.log","coreLogger":{"consoleLevel":"WARN"},"allowDebugAtProd":false,"type":"application"}
2020-09-05 14:47:39,277 INFO 98603 [egg-multipart] stream mode enable
2020-09-05 14:47:39,371 INFO 98603 [egg-static] starting static serve /public/ -> /Users/reng/Desktop/egg-demo/app/public
2020-09-05 14:47:39,373 INFO 98603 [egg-security] use csrf middleware
2020-09-05 14:47:39,375 INFO 98603 [egg-security] use methodnoallow middleware
2020-09-05 14:47:39,376 INFO 98603 [egg-security] use noopen middleware
2020-09-05 14:47:39,377 INFO 98603 [egg-security] use nosniff middleware
2020-09-05 14:47:39,378 INFO 98603 [egg-security] use xssProtection middleware
2020-09-05 14:47:39,380 INFO 98603 [egg-security] use xframe middleware
2020-09-05 14:47:39,381 INFO 98603 [egg-security] use dta middleware
2020-09-05 14:47:39,381 INFO 98603 [egg-security] compose 7 middlewares into one security middleware
2020-09-05 14:47:39,389 INFO 98603 [egg:core] dump config after load, 3ms
2020-09-05 14:47:39,397 INFO 98603 [egg-watcher:application] watcher start success
2020-09-05 14:47:39,401 INFO 98603 [egg:core] dump config after ready, 3ms
2020-09-05 14:48:49,485 INFO 98743 [egg:logger] init all loggers with options: {"dir":"/Users/reng/Desktop/egg-demo/logs/egg-demo","encoding":"utf8","env":"local","level":"INFO","consoleLevel":"INFO","disableConsoleAfterReady":false,"outputJSON":false,"buffer":true,"appLogName":"egg-demo-web.log","coreLogName":"egg-web.log","agentLogName":"egg-agent.log","errorLogName":"common-error.log","coreLogger":{"consoleLevel":"WARN"},"allowDebugAtProd":false,"type":"application"}
2020-09-05 14:48:49,508 INFO 98743 [egg-multipart] stream mode enable
2020-09-05 14:48:49,592 INFO 98743 [egg-static] starting static serve /public/ -> /Users/reng/Desktop/egg-demo/app/public
2020-09-05 14:48:49,594 INFO 98743 [egg-security] use csrf middleware
2020-09-05 14:48:49,595 INFO 98743 [egg-security] use methodnoallow middleware
2020-09-05 14:48:49,596 INFO 98743 [egg-security] use noopen middleware
2020-09-05 14:48:49,598 INFO 98743 [egg-security] use nosniff middleware
2020-09-05 14:48:49,599 INFO 98743 [egg-security] use xssProtection middleware
2020-09-05 14:48:49,599 INFO 98743 [egg-security] use xframe middleware
2020-09-05 14:48:49,600 INFO 98743 [egg-security] use dta middleware
2020-09-05 14:48:49,600 INFO 98743 [egg-security] compose 7 middlewares into one security middleware
2020-09-05 14:48:49,607 INFO 98743 [egg:core] dump config after load, 4ms
2020-09-05 14:48:49,614 INFO 98743 [egg-watcher:application] watcher start success
2020-09-05 14:48:49,618 INFO 98743 [egg:core] dump config after ready, 3ms
2020-09-05 14:50:14,646 INFO 98938 [egg:logger] init all loggers with options: {"dir":"/Users/reng/Desktop/egg-demo/logs/egg-demo","encoding":"utf8","env":"local","level":"INFO","consoleLevel":"INFO","disableConsoleAfterReady":false,"outputJSON":false,"buffer":true,"appLogName":"egg-demo-web.log","coreLogName":"egg-web.log","agentLogName":"egg-agent.log","errorLogName":"common-error.log","coreLogger":{"consoleLevel":"WARN"},"allowDebugAtProd":false,"type":"application"}
2020-09-05 14:50:14,672 INFO 98938 [egg-multipart] stream mode enable
2020-09-05 14:50:14,753 INFO 98938 [egg-static] starting static serve /public/ -> /Users/reng/Desktop/egg-demo/app/public
2020-09-05 14:50:14,754 INFO 98938 [egg-security] use csrf middleware
2020-09-05 14:50:14,755 INFO 98938 [egg-security] use methodnoallow middleware
2020-09-05 14:50:14,756 INFO 98938 [egg-security] use noopen middleware
2020-09-05 14:50:14,756 INFO 98938 [egg-security] use nosniff middleware
2020-09-05 14:50:14,757 INFO 98938 [egg-security] use xssProtection middleware
2020-09-05 14:50:14,757 INFO 98938 [egg-security] use xframe middleware
2020-09-05 14:50:14,758 INFO 98938 [egg-security] use dta middleware
2020-09-05 14:50:14,758 INFO 98938 [egg-security] compose 7 middlewares into one security middleware
2020-09-05 14:50:14,766 INFO 98938 [egg:core] dump config after load, 3ms
2020-09-05 14:50:14,773 INFO 98938 [egg-watcher:application] watcher start success
2020-09-05 14:50:14,778 INFO 98938 [egg:core] dump config after ready, 4ms
2020-09-05 14:51:29,391 INFO 99094 [egg:logger] init all loggers with options: {"dir":"/Users/reng/Desktop/egg-demo/logs/egg-demo","encoding":"utf8","env":"local","level":"INFO","consoleLevel":"INFO","disableConsoleAfterReady":false,"outputJSON":false,"buffer":true,"appLogName":"egg-demo-web.log","coreLogName":"egg-web.log","agentLogName":"egg-agent.log","errorLogName":"common-error.log","coreLogger":{"consoleLevel":"WARN"},"allowDebugAtProd":false,"type":"application"}
2020-09-05 14:51:29,416 INFO 99094 [egg-multipart] stream mode enable
2020-09-05 14:51:29,526 INFO 99094 [egg-static] starting static serve /public/ -> /Users/reng/Desktop/egg-demo/app/public
2020-09-05 14:51:29,530 INFO 99094 [egg-security] use csrf middleware
2020-09-05 14:51:29,531 INFO 99094 [egg-security] use methodnoallow middleware
2020-09-05 14:51:29,533 INFO 99094 [egg-security] use noopen middleware
2020-09-05 14:51:29,534 INFO 99094 [egg-security] use nosniff middleware
2020-09-05 14:51:29,535 INFO 99094 [egg-security] use xssProtection middleware
2020-09-05 14:51:29,537 INFO 99094 [egg-security] use xframe middleware
2020-09-05 14:51:29,540 INFO 99094 [egg-security] use dta middleware
2020-09-05 14:51:29,540 INFO 99094 [egg-security] compose 7 middlewares into one security middleware
2020-09-05 14:51:29,547 INFO 99094 [egg:core] dump config after load, 3ms
2020-09-05 14:51:29,555 INFO 99094 [egg-watcher:application] watcher start success
2020-09-05 14:51:29,560 INFO 99094 [egg:core] dump config after ready, 3ms
2020-09-05 14:58:55,138 INFO 99962 [egg:logger] init all loggers with options: {"dir":"/Users/reng/Desktop/egg-demo/logs/egg-demo","encoding":"utf8","env":"local","level":"INFO","consoleLevel":"INFO","disableConsoleAfterReady":false,"outputJSON":false,"buffer":true,"appLogName":"egg-demo-web.log","coreLogName":"egg-web.log","agentLogName":"egg-agent.log","errorLogName":"common-error.log","coreLogger":{"consoleLevel":"WARN"},"allowDebugAtProd":false,"type":"application"}
2020-09-05 14:58:55,169 INFO 99962 [egg-multipart] stream mode enable
2020-09-05 14:58:55,274 INFO 99962 [egg-static] starting static serve /public/ -> /Users/reng/Desktop/egg-demo/app/public
2020-09-05 14:58:55,276 INFO 99962 [egg-security] use csrf middleware
2020-09-05 14:58:55,277 INFO 99962 [egg-security] use methodnoallow middleware
2020-09-05 14:58:55,278 INFO 99962 [egg-security] use noopen middleware
2020-09-05 14:58:55,279 INFO 99962 [egg-security] use nosniff middleware
2020-09-05 14:58:55,280 INFO 99962 [egg-security] use xssProtection middleware
2020-09-05 14:58:55,281 INFO 99962 [egg-security] use xframe middleware
2020-09-05 14:58:55,282 INFO 99962 [egg-security] use dta middleware
2020-09-05 14:58:55,282 INFO 99962 [egg-security] compose 7 middlewares into one security middleware
2020-09-05 14:58:55,293 INFO 99962 [egg:core] dump config after load, 4ms
2020-09-05 14:58:55,301 INFO 99962 [egg-watcher:application] watcher start success
2020-09-05 14:58:55,307 INFO 99962 [egg:core] dump config after ready, 3ms
2020-09-05 14:59:15,767 INFO 124 [egg:logger] init all loggers with options: {"dir":"/Users/reng/Desktop/egg-demo/logs/egg-demo","encoding":"utf8","env":"local","level":"INFO","consoleLevel":"INFO","disableConsoleAfterReady":false,"outputJSON":false,"buffer":true,"appLogName":"egg-demo-web.log","coreLogName":"egg-web.log","agentLogName":"egg-agent.log","errorLogName":"common-error.log","coreLogger":{"consoleLevel":"WARN"},"allowDebugAtProd":false,"type":"application"}
2020-09-05 14:59:15,785 INFO 124 [egg-multipart] stream mode enable
2020-09-05 14:59:15,819 INFO 124 [egg-static] starting static serve /public/ -> /Users/reng/Desktop/egg-demo/app/public
2020-09-05 14:59:15,820 INFO 124 [egg-security] use csrf middleware
2020-09-05 14:59:15,821 INFO 124 [egg-security] use methodnoallow middleware
2020-09-05 14:59:15,821 INFO 124 [egg-security] use noopen middleware
2020-09-05 14:59:15,821 INFO 124 [egg-security] use nosniff middleware
2020-09-05 14:59:15,822 INFO 124 [egg-security] use xssProtection middleware
2020-09-05 14:59:15,822 INFO 124 [egg-security] use xframe middleware
2020-09-05 14:59:15,822 INFO 124 [egg-security] use dta middleware
2020-09-05 14:59:15,822 INFO 124 [egg-security] compose 7 middlewares into one security middleware
2020-09-05 14:59:15,828 INFO 124 [egg:core] dump config after load, 3ms
2020-09-05 14:59:15,836 INFO 124 [egg-watcher:application] watcher start success
2020-09-05 14:59:15,840 INFO 124 [egg:core] dump config after ready, 3ms
2020-09-05 14:59:24,384 INFO 148 [egg:logger] init all loggers with options: {"dir":"/Users/reng/Desktop/egg-demo/logs/egg-demo","encoding":"utf8","env":"local","level":"INFO","consoleLevel":"INFO","disableConsoleAfterReady":false,"outputJSON":false,"buffer":true,"appLogName":"egg-demo-web.log","coreLogName":"egg-web.log","agentLogName":"egg-agent.log","errorLogName":"common-error.log","coreLogger":{"consoleLevel":"WARN"},"allowDebugAtProd":false,"type":"application"}
2020-09-05 14:59:24,402 INFO 148 [egg-multipart] stream mode enable
2020-09-05 14:59:24,437 INFO 148 [egg-static] starting static serve /public/ -> /Users/reng/Desktop/egg-demo/app/public
2020-09-05 14:59:24,438 INFO 148 [egg-security] use csrf middleware
2020-09-05 14:59:24,439 INFO 148 [egg-security] use methodnoallow middleware
2020-09-05 14:59:24,439 INFO 148 [egg-security] use noopen middleware
2020-09-05 14:59:24,439 INFO 148 [egg-security] use nosniff middleware
2020-09-05 14:59:24,440 INFO 148 [egg-security] use xssProtection middleware
2020-09-05 14:59:24,440 INFO 148 [egg-security] use xframe middleware
2020-09-05 14:59:24,440 INFO 148 [egg-security] use dta middleware
2020-09-05 14:59:24,440 INFO 148 [egg-security] compose 7 middlewares into one security middleware
2020-09-05 14:59:24,446 INFO 148 [egg:core] dump config after load, 3ms
2020-09-05 14:59:24,452 INFO 148 [egg-watcher:application] watcher start success
2020-09-05 14:59:24,456 INFO 148 [egg:core] dump config after ready, 2ms
2020-09-05 15:02:23,258 INFO 585 [egg:logger] init all loggers with options: {"dir":"/Users/reng/Desktop/egg-demo/logs/egg-demo","encoding":"utf8","env":"local","level":"INFO","consoleLevel":"INFO","disableConsoleAfterReady":false,"outputJSON":false,"buffer":true,"appLogName":"egg-demo-web.log","coreLogName":"egg-web.log","agentLogName":"egg-agent.log","errorLogName":"common-error.log","coreLogger":{"consoleLevel":"WARN"},"allowDebugAtProd":false,"type":"application"}
2020-09-05 15:02:23,276 INFO 585 [egg-multipart] stream mode enable
2020-09-05 15:02:23,313 INFO 585 [egg-static] starting static serve /public/ -> /Users/reng/Desktop/egg-demo/app/public
2020-09-05 15:02:23,315 INFO 585 [egg-security] use csrf middleware
2020-09-05 15:02:23,315 INFO 585 [egg-security] use methodnoallow middleware
2020-09-05 15:02:23,315 INFO 585 [egg-security] use noopen middleware
2020-09-05 15:02:23,316 INFO 585 [egg-security] use nosniff middleware
2020-09-05 15:02:23,316 INFO 585 [egg-security] use xssProtection middleware
2020-09-05 15:02:23,316 INFO 585 [egg-security] use xframe middleware
2020-09-05 15:02:23,316 INFO 585 [egg-security] use dta middleware
2020-09-05 15:02:23,316 INFO 585 [egg-security] compose 7 middlewares into one security middleware
2020-09-05 15:02:23,323 INFO 585 [egg:core] dump config after load, 4ms
2020-09-05 15:02:23,331 INFO 585 [egg-watcher:application] watcher start success
2020-09-05 15:02:23,335 INFO 585 [egg:core] dump config after ready, 3ms
2020-09-05 15:02:30,937 INFO 603 [egg:logger] init all loggers with options: {"dir":"/Users/reng/Desktop/egg-demo/logs/egg-demo","encoding":"utf8","env":"local","level":"INFO","consoleLevel":"INFO","disableConsoleAfterReady":false,"outputJSON":false,"buffer":true,"appLogName":"egg-demo-web.log","coreLogName":"egg-web.log","agentLogName":"egg-agent.log","errorLogName":"common-error.log","coreLogger":{"consoleLevel":"WARN"},"allowDebugAtProd":false,"type":"application"}
2020-09-05 15:02:30,954 INFO 603 [egg-multipart] stream mode enable
2020-09-05 15:02:30,993 INFO 603 [egg-static] starting static serve /public/ -> /Users/reng/Desktop/egg-demo/app/public
2020-09-05 15:02:30,995 INFO 603 [egg-security] use csrf middleware
2020-09-05 15:02:30,995 INFO 603 [egg-security] use methodnoallow middleware
2020-09-05 15:02:30,995 INFO 603 [egg-security] use noopen middleware
2020-09-05 15:02:30,996 INFO 603 [egg-security] use nosniff middleware
2020-09-05 15:02:30,996 INFO 603 [egg-security] use xssProtection middleware
2020-09-05 15:02:30,996 INFO 603 [egg-security] use xframe middleware
2020-09-05 15:02:30,997 INFO 603 [egg-security] use dta middleware
2020-09-05 15:02:30,997 INFO 603 [egg-security] compose 7 middlewares into one security middleware
2020-09-05 15:02:31,003 INFO 603 [egg:core] dump config after load, 3ms
2020-09-05 15:02:31,010 INFO 603 [egg-watcher:application] watcher start success
2020-09-05 15:02:31,014 INFO 603 [egg:core] dump config after ready, 2ms
2020-09-05 15:02:39,371 INFO 622 [egg:logger] init all loggers with options: {"dir":"/Users/reng/Desktop/egg-demo/logs/egg-demo","encoding":"utf8","env":"local","level":"INFO","consoleLevel":"INFO","disableConsoleAfterReady":false,"outputJSON":false,"buffer":true,"appLogName":"egg-demo-web.log","coreLogName":"egg-web.log","agentLogName":"egg-agent.log","errorLogName":"common-error.log","coreLogger":{"consoleLevel":"WARN"},"allowDebugAtProd":false,"type":"application"}
2020-09-05 15:02:39,391 INFO 622 [egg-multipart] stream mode enable
2020-09-05 15:02:39,438 INFO 622 [egg-static] starting static serve /public/ -> /Users/reng/Desktop/egg-demo/app/public
2020-09-05 15:02:39,440 INFO 622 [egg-security] use csrf middleware
2020-09-05 15:02:39,440 INFO 622 [egg-security] use methodnoallow middleware
2020-09-05 15:02:39,440 INFO 622 [egg-security] use noopen middleware
2020-09-05 15:02:39,441 INFO 622 [egg-security] use nosniff middleware
2020-09-05 15:02:39,441 INFO 622 [egg-security] use xssProtection middleware
2020-09-05 15:02:39,441 INFO 622 [egg-security] use xframe middleware
2020-09-05 15:02:39,441 INFO 622 [egg-security] use dta middleware
2020-09-05 15:02:39,442 INFO 622 [egg-security] compose 7 middlewares into one security middleware
2020-09-05 15:02:39,450 INFO 622 [egg:core] dump config after load, 5ms
2020-09-05 15:02:39,457 INFO 622 [egg-watcher:application] watcher start success
2020-09-05 15:02:39,461 INFO 622 [egg:core] dump config after ready, 3ms
2020-09-05 15:03:33,917 INFO 741 [egg:logger] init all loggers with options: {"dir":"/Users/reng/Desktop/egg-demo/logs/egg-demo","encoding":"utf8","env":"local","level":"INFO","consoleLevel":"INFO","disableConsoleAfterReady":false,"outputJSON":false,"buffer":true,"appLogName":"egg-demo-web.log","coreLogName":"egg-web.log","agentLogName":"egg-agent.log","errorLogName":"common-error.log","coreLogger":{"consoleLevel":"WARN"},"allowDebugAtProd":false,"type":"application"}
2020-09-05 15:03:33,941 INFO 741 [egg-multipart] stream mode enable
2020-09-05 15:03:34,049 INFO 741 [egg-static] starting static serve /public/ -> /Users/reng/Desktop/egg-demo/app/public
2020-09-05 15:03:34,052 INFO 741 [egg-security] use csrf middleware
2020-09-05 15:03:34,052 INFO 741 [egg-security] use methodnoallow middleware
2020-09-05 15:03:34,053 INFO 741 [egg-security] use noopen middleware
2020-09-05 15:03:34,054 INFO 741 [egg-security] use nosniff middleware
2020-09-05 15:03:34,055 INFO 741 [egg-security] use xssProtection middleware
2020-09-05 15:03:34,057 INFO 741 [egg-security] use xframe middleware
2020-09-05 15:03:34,057 INFO 741 [egg-security] use dta middleware
2020-09-05 15:03:34,057 INFO 741 [egg-security] compose 7 middlewares into one security middleware
2020-09-05 15:03:34,064 INFO 741 [egg:core] dump config after load, 3ms
2020-09-05 15:03:34,071 INFO 741 [egg-watcher:application] watcher start success
2020-09-05 15:03:34,076 INFO 741 [egg:core] dump config after ready, 4ms
2020-09-05 15:03:36,888 INFO 745 [egg:logger] init all loggers with options: {"dir":"/Users/reng/Desktop/egg-demo/logs/egg-demo","encoding":"utf8","env":"local","level":"INFO","consoleLevel":"INFO","disableConsoleAfterReady":false,"outputJSON":false,"buffer":true,"appLogName":"egg-demo-web.log","coreLogName":"egg-web.log","agentLogName":"egg-agent.log","errorLogName":"common-error.log","coreLogger":{"consoleLevel":"WARN"},"allowDebugAtProd":false,"type":"application"}
2020-09-05 15:03:36,906 INFO 745 [egg-multipart] stream mode enable
2020-09-05 15:03:36,949 INFO 745 [egg-static] starting static serve /public/ -> /Users/reng/Desktop/egg-demo/app/public
2020-09-05 15:03:36,951 INFO 745 [egg-security] use csrf middleware
2020-09-05 15:03:36,952 INFO 745 [egg-security] use methodnoallow middleware
2020-09-05 15:03:36,953 INFO 745 [egg-security] use noopen middleware
2020-09-05 15:03:36,953 INFO 745 [egg-security] use nosniff middleware
2020-09-05 15:03:36,953 INFO 745 [egg-security] use xssProtection middleware
2020-09-05 15:03:36,953 INFO 745 [egg-security] use xframe middleware
2020-09-05 15:03:36,954 INFO 745 [egg-security] use dta middleware
2020-09-05 15:03:36,954 INFO 745 [egg-security] compose 7 middlewares into one security middleware
2020-09-05 15:03:36,960 INFO 745 [egg:core] dump config after load, 3ms
2020-09-05 15:03:36,968 INFO 745 [egg-watcher:application] watcher start success
2020-09-05 15:03:36,972 INFO 745 [egg:core] dump config after ready, 3ms
2020-09-05 15:03:37,920 INFO 761 [egg:logger] init all loggers with options: {"dir":"/Users/reng/Desktop/egg-demo/logs/egg-demo","encoding":"utf8","env":"local","level":"INFO","consoleLevel":"INFO","disableConsoleAfterReady":false,"outputJSON":false,"buffer":true,"appLogName":"egg-demo-web.log","coreLogName":"egg-web.log","agentLogName":"egg-agent.log","errorLogName":"common-error.log","coreLogger":{"consoleLevel":"WARN"},"allowDebugAtProd":false,"type":"application"}
2020-09-05 15:03:37,939 INFO 761 [egg-multipart] stream mode enable
2020-09-05 15:03:37,976 INFO 761 [egg-static] starting static serve /public/ -> /Users/reng/Desktop/egg-demo/app/public
2020-09-05 15:03:37,977 INFO 761 [egg-security] use csrf middleware
2020-09-05 15:03:37,978 INFO 761 [egg-security] use methodnoallow middleware
2020-09-05 15:03:37,978 INFO 761 [egg-security] use noopen middleware
2020-09-05 15:03:37,978 INFO 761 [egg-security] use nosniff middleware
2020-09-05 15:03:37,978 INFO 761 [egg-security] use xssProtection middleware
2020-09-05 15:03:37,979 INFO 761 [egg-security] use xframe middleware
2020-09-05 15:03:37,979 INFO 761 [egg-security] use dta middleware
2020-09-05 15:03:37,979 INFO 761 [egg-security] compose 7 middlewares into one security middleware
2020-09-05 15:03:37,985 INFO 761 [egg:core] dump config after load, 3ms
2020-09-05 15:03:37,993 INFO 761 [egg-watcher:application] watcher start success
2020-09-05 15:03:37,997 INFO 761 [egg:core] dump config after ready, 3ms
2020-09-05 15:06:24,423 INFO 1137 [egg:logger] init all loggers with options: {"dir":"/Users/reng/Desktop/egg-demo/logs/egg-demo","encoding":"utf8","env":"local","level":"INFO","consoleLevel":"INFO","disableConsoleAfterReady":false,"outputJSON":false,"buffer":true,"appLogName":"egg-demo-web.log","coreLogName":"egg-web.log","agentLogName":"egg-agent.log","errorLogName":"common-error.log","coreLogger":{"consoleLevel":"WARN"},"allowDebugAtProd":false,"type":"application"}
2020-09-05 15:06:24,449 INFO 1137 [egg-multipart] stream mode enable
2020-09-05 15:06:24,531 INFO 1137 [egg-static] starting static serve /public/ -> /Users/reng/Desktop/egg-demo/app/public
2020-09-05 15:06:24,533 INFO 1137 [egg-security] use csrf middleware
2020-09-05 15:06:24,533 INFO 1137 [egg-security] use methodnoallow middleware
2020-09-05 15:06:24,534 INFO 1137 [egg-security] use noopen middleware
2020-09-05 15:06:24,537 INFO 1137 [egg-security] use nosniff middleware
2020-09-05 15:06:24,538 INFO 1137 [egg-security] use xssProtection middleware
2020-09-05 15:06:24,538 INFO 1137 [egg-security] use xframe middleware
2020-09-05 15:06:24,539 INFO 1137 [egg-security] use dta middleware
2020-09-05 15:06:24,539 INFO 1137 [egg-security] compose 7 middlewares into one security middleware
2020-09-05 15:06:24,546 INFO 1137 [egg:core] dump config after load, 4ms
2020-09-05 15:06:24,556 INFO 1137 [egg-watcher:application] watcher start success
2020-09-05 15:06:24,561 INFO 1137 [egg:core] dump config after ready, 3ms
2020-09-05 15:09:32,798 INFO 1565 [egg:logger] init all loggers with options: {"dir":"/Users/reng/Desktop/egg-demo/logs/egg-demo","encoding":"utf8","env":"local","level":"INFO","consoleLevel":"INFO","disableConsoleAfterReady":false,"outputJSON":false,"buffer":true,"appLogName":"egg-demo-web.log","coreLogName":"egg-web.log","agentLogName":"egg-agent.log","errorLogName":"common-error.log","coreLogger":{"consoleLevel":"WARN"},"allowDebugAtProd":false,"type":"application"}
2020-09-05 15:09:32,825 INFO 1565 [egg-multipart] stream mode enable
2020-09-05 15:09:32,909 INFO 1565 [egg-static] starting static serve /public/ -> /Users/reng/Desktop/egg-demo/app/public
2020-09-05 15:09:32,911 INFO 1565 [egg-security] use methodnoallow middleware
2020-09-05 15:09:32,912 INFO 1565 [egg-security] use noopen middleware
2020-09-05 15:09:32,913 INFO 1565 [egg-security] use nosniff middleware
2020-09-05 15:09:32,914 INFO 1565 [egg-security] use xssProtection middleware
2020-09-05 15:09:32,915 INFO 1565 [egg-security] use xframe middleware
2020-09-05 15:09:32,917 INFO 1565 [egg-security] use dta middleware
2020-09-05 15:09:32,917 INFO 1565 [egg-security] compose 6 middlewares into one security middleware
2020-09-05 15:09:32,925 INFO 1565 [egg:core] dump config after load, 5ms
2020-09-05 15:09:32,932 INFO 1565 [egg-watcher:application] watcher start success
2020-09-05 15:09:32,936 INFO 1565 [egg:core] dump config after ready, 3ms
2020-09-05 15:09:56,422 INFO 1616 [egg:logger] init all loggers with options: {"dir":"/Users/reng/Desktop/egg-demo/logs/egg-demo","encoding":"utf8","env":"local","level":"INFO","consoleLevel":"INFO","disableConsoleAfterReady":false,"outputJSON":false,"buffer":true,"appLogName":"egg-demo-web.log","coreLogName":"egg-web.log","agentLogName":"egg-agent.log","errorLogName":"common-error.log","coreLogger":{"consoleLevel":"WARN"},"allowDebugAtProd":false,"type":"application"}
2020-09-05 15:09:56,446 INFO 1616 [egg-multipart] stream mode enable
2020-09-05 15:09:56,524 INFO 1616 [egg-static] starting static serve /public/ -> /Users/reng/Desktop/egg-demo/app/public
2020-09-05 15:09:56,527 INFO 1616 [egg-security] use methodnoallow middleware
2020-09-05 15:09:56,528 INFO 1616 [egg-security] use noopen middleware
2020-09-05 15:09:56,529 INFO 1616 [egg-security] use nosniff middleware
2020-09-05 15:09:56,530 INFO 1616 [egg-security] use xssProtection middleware
2020-09-05 15:09:56,532 INFO 1616 [egg-security] use xframe middleware
2020-09-05 15:09:56,533 INFO 1616 [egg-security] use dta middleware
2020-09-05 15:09:56,533 INFO 1616 [egg-security] compose 6 middlewares into one security middleware
2020-09-05 15:09:56,540 INFO 1616 [egg:core] dump config after load, 3ms
2020-09-05 15:09:56,547 INFO 1616 [egg-watcher:application] watcher start success
2020-09-05 15:09:56,553 INFO 1616 [egg:core] dump config after ready, 4ms
2020-09-05 15:13:03,323 INFO 2015 [egg:logger] init all loggers with options: {"dir":"/Users/reng/Desktop/egg-demo/logs/egg-demo","encoding":"utf8","env":"local","level":"INFO","consoleLevel":"INFO","disableConsoleAfterReady":false,"outputJSON":false,"buffer":true,"appLogName":"egg-demo-web.log","coreLogName":"egg-web.log","agentLogName":"egg-agent.log","errorLogName":"common-error.log","coreLogger":{"consoleLevel":"WARN"},"allowDebugAtProd":false,"type":"application"}
2020-09-05 15:13:03,344 INFO 2015 [egg-multipart] stream mode enable
2020-09-05 15:13:03,446 INFO 2015 [egg-static] starting static serve /public/ -> /Users/reng/Desktop/egg-demo/app/public
2020-09-05 15:13:03,448 INFO 2015 [egg-security] use methodnoallow middleware
2020-09-05 15:13:03,449 INFO 2015 [egg-security] use noopen middleware
2020-09-05 15:13:03,450 INFO 2015 [egg-security] use nosniff middleware
2020-09-05 15:13:03,451 INFO 2015 [egg-security] use xssProtection middleware
2020-09-05 15:13:03,452 INFO 2015 [egg-security] use xframe middleware
2020-09-05 15:13:03,455 INFO 2015 [egg-security] use dta middleware
2020-09-05 15:13:03,456 INFO 2015 [egg-security] compose 6 middlewares into one security middleware
2020-09-05 15:13:03,463 INFO 2015 [egg:core] dump config after load, 3ms
2020-09-05 15:13:03,471 INFO 2015 [egg-watcher:application] watcher start success
2020-09-05 15:13:03,475 INFO 2015 [egg:core] dump config after ready, 2ms
2020-09-05 15:13:37,544 INFO 2088 [egg:logger] init all loggers with options: {"dir":"/Users/reng/Desktop/egg-demo/logs/egg-demo","encoding":"utf8","env":"local","level":"INFO","consoleLevel":"INFO","disableConsoleAfterReady":false,"outputJSON":false,"buffer":true,"appLogName":"egg-demo-web.log","coreLogName":"egg-web.log","agentLogName":"egg-agent.log","errorLogName":"common-error.log","coreLogger":{"consoleLevel":"WARN"},"allowDebugAtProd":false,"type":"application"}
2020-09-05 15:13:37,568 INFO 2088 [egg-multipart] stream mode enable
2020-09-05 15:13:37,669 INFO 2088 [egg-static] starting static serve /public/ -> /Users/reng/Desktop/egg-demo/app/public
2020-09-05 15:13:37,672 INFO 2088 [egg-security] use methodnoallow middleware
2020-09-05 15:13:37,672 INFO 2088 [egg-security] use noopen middleware
2020-09-05 15:13:37,673 INFO 2088 [egg-security] use nosniff middleware
2020-09-05 15:13:37,674 INFO 2088 [egg-security] use xssProtection middleware
2020-09-05 15:13:37,674 INFO 2088 [egg-security] use xframe middleware
2020-09-05 15:13:37,675 INFO 2088 [egg-security] use dta middleware
2020-09-05 15:13:37,675 INFO 2088 [egg-security] compose 6 middlewares into one security middleware
2020-09-05 15:13:37,684 INFO 2088 [egg:core] dump config after load, 4ms
2020-09-05 15:13:37,691 INFO 2088 [egg-watcher:application] watcher start success
2020-09-05 15:13:37,695 INFO 2088 [egg:core] dump config after ready, 3ms
2020-09-05 15:15:02,891 INFO 2268 [egg:logger] init all loggers with options: {"dir":"/Users/reng/Desktop/egg-demo/logs/egg-demo","encoding":"utf8","env":"local","level":"INFO","consoleLevel":"INFO","disableConsoleAfterReady":false,"outputJSON":false,"buffer":true,"appLogName":"egg-demo-web.log","coreLogName":"egg-web.log","agentLogName":"egg-agent.log","errorLogName":"common-error.log","coreLogger":{"consoleLevel":"WARN"},"allowDebugAtProd":false,"type":"application"}
2020-09-05 15:15:02,923 INFO 2268 [egg-multipart] stream mode enable
2020-09-05 15:15:03,063 INFO 2268 [egg-static] starting static serve /public/ -> /Users/reng/Desktop/egg-demo/app/public
2020-09-05 15:15:03,065 INFO 2268 [egg-security] use methodnoallow middleware
2020-09-05 15:15:03,066 INFO 2268 [egg-security] use noopen middleware
2020-09-05 15:15:03,067 INFO 2268 [egg-security] use nosniff middleware
2020-09-05 15:15:03,068 INFO 2268 [egg-security] use xssProtection middleware
2020-09-05 15:15:03,069 INFO 2268 [egg-security] use xframe middleware
2020-09-05 15:15:03,070 INFO 2268 [egg-security] use dta middleware
2020-09-05 15:15:03,070 INFO 2268 [egg-security] compose 6 middlewares into one security middleware
2020-09-05 15:15:03,081 INFO 2268 [egg:core] dump config after load, 6ms
2020-09-05 15:15:03,089 INFO 2268 [egg-watcher:application] watcher start success
2020-09-05 15:15:03,094 INFO 2268 [egg:core] dump config after ready, 4ms
2020-09-05 15:15:37,213 INFO 2340 [egg:logger] init all loggers with options: {"dir":"/Users/reng/Desktop/egg-demo/logs/egg-demo","encoding":"utf8","env":"local","level":"INFO","consoleLevel":"INFO","disableConsoleAfterReady":false,"outputJSON":false,"buffer":true,"appLogName":"egg-demo-web.log","coreLogName":"egg-web.log","agentLogName":"egg-agent.log","errorLogName":"common-error.log","coreLogger":{"consoleLevel":"WARN"},"allowDebugAtProd":false,"type":"application"}
2020-09-05 15:15:37,234 INFO 2340 [egg-multipart] stream mode enable
2020-09-05 15:15:37,338 INFO 2340 [egg-static] starting static serve /public/ -> /Users/reng/Desktop/egg-demo/app/public
2020-09-05 15:15:37,340 INFO 2340 [egg-security] use methodnoallow middleware
2020-09-05 15:15:37,341 INFO 2340 [egg-security] use noopen middleware
2020-09-05 15:15:37,342 INFO 2340 [egg-security] use nosniff middleware
2020-09-05 15:15:37,344 INFO 2340 [egg-security] use xssProtection middleware
2020-09-05 15:15:37,345 INFO 2340 [egg-security] use xframe middleware
2020-09-05 15:15:37,346 INFO 2340 [egg-security] use dta middleware
2020-09-05 15:15:37,346 INFO 2340 [egg-security] compose 6 middlewares into one security middleware
2020-09-05 15:15:37,355 INFO 2340 [egg:core] dump config after load, 3ms
2020-09-05 15:15:37,363 INFO 2340 [egg-watcher:application] watcher start success
2020-09-05 15:15:37,367 INFO 2340 [egg:core] dump config after ready, 3ms
2020-09-05 15:15:54,138 INFO 2381 [egg:logger] init all loggers with options: {"dir":"/Users/reng/Desktop/egg-demo/logs/egg-demo","encoding":"utf8","env":"local","level":"INFO","consoleLevel":"INFO","disableConsoleAfterReady":false,"outputJSON":false,"buffer":true,"appLogName":"egg-demo-web.log","coreLogName":"egg-web.log","agentLogName":"egg-agent.log","errorLogName":"common-error.log","coreLogger":{"consoleLevel":"WARN"},"allowDebugAtProd":false,"type":"application"}
2020-09-05 15:15:54,154 INFO 2381 [egg-multipart] stream mode enable
2020-09-05 15:15:54,187 INFO 2381 [egg-static] starting static serve /public/ -> /Users/reng/Desktop/egg-demo/app/public
2020-09-05 15:15:54,188 INFO 2381 [egg-security] use methodnoallow middleware
2020-09-05 15:15:54,189 INFO 2381 [egg-security] use noopen middleware
2020-09-05 15:15:54,189 INFO 2381 [egg-security] use nosniff middleware
2020-09-05 15:15:54,189 INFO 2381 [egg-security] use xssProtection middleware
2020-09-05 15:15:54,189 INFO 2381 [egg-security] use xframe middleware
2020-09-05 15:15:54,190 INFO 2381 [egg-security] use dta middleware
2020-09-05 15:15:54,190 INFO 2381 [egg-security] compose 6 middlewares into one security middleware
2020-09-05 15:15:54,195 INFO 2381 [egg:core] dump config after load, 3ms
2020-09-05 15:15:54,202 INFO 2381 [egg-watcher:application] watcher start success
2020-09-05 15:15:54,206 INFO 2381 [egg:core] dump config after ready, 3ms
2020-09-05 15:16:28,371 INFO 2450 [egg:logger] init all loggers with options: {"dir":"/Users/reng/Desktop/egg-demo/logs/egg-demo","encoding":"utf8","env":"local","level":"INFO","consoleLevel":"INFO","disableConsoleAfterReady":false,"outputJSON":false,"buffer":true,"appLogName":"egg-demo-web.log","coreLogName":"egg-web.log","agentLogName":"egg-agent.log","errorLogName":"common-error.log","coreLogger":{"consoleLevel":"WARN"},"allowDebugAtProd":false,"type":"application"}
2020-09-05 15:16:28,389 INFO 2450 [egg-multipart] stream mode enable
2020-09-05 15:16:28,424 INFO 2450 [egg-static] starting static serve /public/ -> /Users/reng/Desktop/egg-demo/app/public
2020-09-05 15:16:28,426 INFO 2450 [egg-security] use methodnoallow middleware
2020-09-05 15:16:28,426 INFO 2450 [egg-security] use noopen middleware
2020-09-05 15:16:28,426 INFO 2450 [egg-security] use nosniff middleware
2020-09-05 15:16:28,426 INFO 2450 [egg-security] use xssProtection middleware
2020-09-05 15:16:28,427 INFO 2450 [egg-security] use xframe middleware
2020-09-05 15:16:28,427 INFO 2450 [egg-security] use dta middleware
2020-09-05 15:16:28,427 INFO 2450 [egg-security] compose 6 middlewares into one security middleware
2020-09-05 15:16:28,432 INFO 2450 [egg:core] dump config after load, 3ms
2020-09-05 15:16:28,441 INFO 2450 [egg-watcher:application] watcher start success
2020-09-05 15:16:28,446 INFO 2450 [egg:core] dump config after ready, 4ms
2020-09-05 15:16:37,476 INFO 2473 [egg:logger] init all loggers with options: {"dir":"/Users/reng/Desktop/egg-demo/logs/egg-demo","encoding":"utf8","env":"local","level":"INFO","consoleLevel":"INFO","disableConsoleAfterReady":false,"outputJSON":false,"buffer":true,"appLogName":"egg-demo-web.log","coreLogName":"egg-web.log","agentLogName":"egg-agent.log","errorLogName":"common-error.log","coreLogger":{"consoleLevel":"WARN"},"allowDebugAtProd":false,"type":"application"}
2020-09-05 15:16:37,493 INFO 2473 [egg-multipart] stream mode enable
2020-09-05 15:16:37,528 INFO 2473 [egg-static] starting static serve /public/ -> /Users/reng/Desktop/egg-demo/app/public
2020-09-05 15:16:37,530 INFO 2473 [egg-security] use methodnoallow middleware
2020-09-05 15:16:37,530 INFO 2473 [egg-security] use noopen middleware
2020-09-05 15:16:37,530 INFO 2473 [egg-security] use nosniff middleware
2020-09-05 15:16:37,531 INFO 2473 [egg-security] use xssProtection middleware
2020-09-05 15:16:37,531 INFO 2473 [egg-security] use xframe middleware
2020-09-05 15:16:37,531 INFO 2473 [egg-security] use dta middleware
2020-09-05 15:16:37,531 INFO 2473 [egg-security] compose 6 middlewares into one security middleware
2020-09-05 15:16:37,538 INFO 2473 [egg:core] dump config after load, 4ms
2020-09-05 15:16:37,544 INFO 2473 [egg-watcher:application] watcher start success
2020-09-05 15:16:37,549 INFO 2473 [egg:core] dump config after ready, 3ms
2020-09-05 15:20:44,713 INFO 3015 [egg:logger] init all loggers with options: {"dir":"/Users/reng/Desktop/egg-demo/logs/egg-demo","encoding":"utf8","env":"local","level":"INFO","consoleLevel":"INFO","disableConsoleAfterReady":false,"outputJSON":false,"buffer":true,"appLogName":"egg-demo-web.log","coreLogName":"egg-web.log","agentLogName":"egg-agent.log","errorLogName":"common-error.log","coreLogger":{"consoleLevel":"WARN"},"allowDebugAtProd":false,"type":"application"}
2020-09-05 15:20:44,742 INFO 3015 [egg-multipart] stream mode enable
2020-09-05 15:20:44,839 INFO 3015 [egg-static] starting static serve /public/ -> /Users/reng/Desktop/egg-demo/app/public
2020-09-05 15:20:44,841 INFO 3015 [egg-security] use methodnoallow middleware
2020-09-05 15:20:44,842 INFO 3015 [egg-security] use noopen middleware
2020-09-05 15:20:44,843 INFO 3015 [egg-security] use nosniff middleware
2020-09-05 15:20:44,843 INFO 3015 [egg-security] use xssProtection middleware
2020-09-05 15:20:44,844 INFO 3015 [egg-security] use xframe middleware
2020-09-05 15:20:44,847 INFO 3015 [egg-security] use dta middleware
2020-09-05 15:20:44,847 INFO 3015 [egg-security] compose 6 middlewares into one security middleware
2020-09-05 15:20:44,855 INFO 3015 [egg:core] dump config after load, 5ms
2020-09-05 15:20:44,862 INFO 3015 [egg-watcher:application] watcher start success
2020-09-05 15:20:44,867 INFO 3015 [egg:core] dump config after ready, 4ms
2020-09-05 15:22:00,150 INFO 3187 [egg:logger] init all loggers with options: {"dir":"/Users/reng/Desktop/egg-demo/logs/egg-demo","encoding":"utf8","env":"local","level":"INFO","consoleLevel":"INFO","disableConsoleAfterReady":false,"outputJSON":false,"buffer":true,"appLogName":"egg-demo-web.log","coreLogName":"egg-web.log","agentLogName":"egg-agent.log","errorLogName":"common-error.log","coreLogger":{"consoleLevel":"WARN"},"allowDebugAtProd":false,"type":"application"}
2020-09-05 15:22:00,175 INFO 3187 [egg-multipart] stream mode enable
2020-09-05 15:22:00,276 INFO 3187 [egg-static] starting static serve /public/ -> /Users/reng/Desktop/egg-demo/app/public
2020-09-05 15:22:00,278 INFO 3187 [egg-security] use methodnoallow middleware
2020-09-05 15:22:00,279 INFO 3187 [egg-security] use noopen middleware
2020-09-05 15:22:00,280 INFO 3187 [egg-security] use nosniff middleware
2020-09-05 15:22:00,281 INFO 3187 [egg-security] use xssProtection middleware
2020-09-05 15:22:00,283 INFO 3187 [egg-security] use xframe middleware
2020-09-05 15:22:00,284 INFO 3187 [egg-security] use dta middleware
2020-09-05 15:22:00,284 INFO 3187 [egg-security] compose 6 middlewares into one security middleware
2020-09-05 15:22:00,292 INFO 3187 [egg:core] dump config after load, 3ms
2020-09-05 15:22:00,300 INFO 3187 [egg-watcher:application] watcher start success
2020-09-05 15:22:00,305 INFO 3187 [egg:core] dump config after ready, 3ms
2020-09-05 15:22:32,775 INFO 3256 [egg:logger] init all loggers with options: {"dir":"/Users/reng/Desktop/egg-demo/logs/egg-demo","encoding":"utf8","env":"local","level":"INFO","consoleLevel":"INFO","disableConsoleAfterReady":false,"outputJSON":false,"buffer":true,"appLogName":"egg-demo-web.log","coreLogName":"egg-web.log","agentLogName":"egg-agent.log","errorLogName":"common-error.log","coreLogger":{"consoleLevel":"WARN"},"allowDebugAtProd":false,"type":"application"}
2020-09-05 15:22:32,794 INFO 3256 [egg-multipart] stream mode enable
2020-09-05 15:22:32,831 INFO 3256 [egg-static] starting static serve /public/ -> /Users/reng/Desktop/egg-demo/app/public
2020-09-05 15:22:32,833 INFO 3256 [egg-security] use methodnoallow middleware
2020-09-05 15:22:32,833 INFO 3256 [egg-security] use noopen middleware
2020-09-05 15:22:32,833 INFO 3256 [egg-security] use nosniff middleware
2020-09-05 15:22:32,833 INFO 3256 [egg-security] use xssProtection middleware
2020-09-05 15:22:32,834 INFO 3256 [egg-security] use xframe middleware
2020-09-05 15:22:32,834 INFO 3256 [egg-security] use dta middleware
2020-09-05 15:22:32,834 INFO 3256 [egg-security] compose 6 middlewares into one security middleware
2020-09-05 15:22:32,840 INFO 3256 [egg:core] dump config after load, 3ms
2020-09-05 15:22:32,849 INFO 3256 [egg-watcher:application] watcher start success
2020-09-05 15:22:32,853 INFO 3256 [egg:core] dump config after ready, 3ms
2020-09-05 15:22:52,810 ERROR 3256 nodejs.TypeError: this.res.end is not a function
    at Object.app.context.onerror (/Users/reng/Desktop/egg-demo/node_modules/koa-onerror/index.js:92:14)
    at onerror (/Users/reng/Desktop/egg-demo/node_modules/koa/lib/application.js:165:32)
    at processTicksAndRejections (internal/process/task_queues.js:94:5)

pid: 3256
hostname: rengdeMacBook-Pro.local

2020-09-05 15:23:31,864 INFO 3378 [egg:logger] init all loggers with options: {"dir":"/Users/reng/Desktop/egg-demo/logs/egg-demo","encoding":"utf8","env":"local","level":"INFO","consoleLevel":"INFO","disableConsoleAfterReady":false,"outputJSON":false,"buffer":true,"appLogName":"egg-demo-web.log","coreLogName":"egg-web.log","agentLogName":"egg-agent.log","errorLogName":"common-error.log","coreLogger":{"consoleLevel":"WARN"},"allowDebugAtProd":false,"type":"application"}
2020-09-05 15:23:31,889 INFO 3378 [egg-multipart] stream mode enable
2020-09-05 15:23:31,972 INFO 3378 [egg-static] starting static serve /public/ -> /Users/reng/Desktop/egg-demo/app/public
2020-09-05 15:23:31,974 INFO 3378 [egg-security] use methodnoallow middleware
2020-09-05 15:23:31,975 INFO 3378 [egg-security] use noopen middleware
2020-09-05 15:23:31,976 INFO 3378 [egg-security] use nosniff middleware
2020-09-05 15:23:31,977 INFO 3378 [egg-security] use xssProtection middleware
2020-09-05 15:23:31,978 INFO 3378 [egg-security] use xframe middleware
2020-09-05 15:23:31,980 INFO 3378 [egg-security] use dta middleware
2020-09-05 15:23:31,980 INFO 3378 [egg-security] compose 6 middlewares into one security middleware
2020-09-05 15:23:31,987 INFO 3378 [egg:core] dump config after load, 4ms
2020-09-05 15:23:31,994 INFO 3378 [egg-watcher:application] watcher start success
2020-09-05 15:23:31,998 INFO 3378 [egg:core] dump config after ready, 2ms
2020-09-05 15:24:43,407 INFO 3532 [egg:logger] init all loggers with options: {"dir":"/Users/reng/Desktop/egg-demo/logs/egg-demo","encoding":"utf8","env":"local","level":"INFO","consoleLevel":"INFO","disableConsoleAfterReady":false,"outputJSON":false,"buffer":true,"appLogName":"egg-demo-web.log","coreLogName":"egg-web.log","agentLogName":"egg-agent.log","errorLogName":"common-error.log","coreLogger":{"consoleLevel":"WARN"},"allowDebugAtProd":false,"type":"application"}
2020-09-05 15:24:43,433 INFO 3532 [egg-multipart] stream mode enable
2020-09-05 15:24:43,532 INFO 3532 [egg-static] starting static serve /public/ -> /Users/reng/Desktop/egg-demo/app/public
2020-09-05 15:24:43,535 INFO 3532 [egg-security] use methodnoallow middleware
2020-09-05 15:24:43,536 INFO 3532 [egg-security] use noopen middleware
2020-09-05 15:24:43,537 INFO 3532 [egg-security] use nosniff middleware
2020-09-05 15:24:43,537 INFO 3532 [egg-security] use xssProtection middleware
2020-09-05 15:24:43,538 INFO 3532 [egg-security] use xframe middleware
2020-09-05 15:24:43,540 INFO 3532 [egg-security] use dta middleware
2020-09-05 15:24:43,540 INFO 3532 [egg-security] compose 6 middlewares into one security middleware
2020-09-05 15:24:43,548 INFO 3532 [egg:core] dump config after load, 4ms
2020-09-05 15:24:43,555 INFO 3532 [egg-watcher:application] watcher start success
2020-09-05 15:24:43,563 INFO 3532 [egg:core] dump config after ready, 5ms
2020-09-05 15:24:45,732 INFO 3536 [egg:logger] init all loggers with options: {"dir":"/Users/reng/Desktop/egg-demo/logs/egg-demo","encoding":"utf8","env":"local","level":"INFO","consoleLevel":"INFO","disableConsoleAfterReady":false,"outputJSON":false,"buffer":true,"appLogName":"egg-demo-web.log","coreLogName":"egg-web.log","agentLogName":"egg-agent.log","errorLogName":"common-error.log","coreLogger":{"consoleLevel":"WARN"},"allowDebugAtProd":false,"type":"application"}
2020-09-05 15:24:45,750 INFO 3536 [egg-multipart] stream mode enable
2020-09-05 15:24:45,786 INFO 3536 [egg-static] starting static serve /public/ -> /Users/reng/Desktop/egg-demo/app/public
2020-09-05 15:24:45,787 INFO 3536 [egg-security] use methodnoallow middleware
2020-09-05 15:24:45,787 INFO 3536 [egg-security] use noopen middleware
2020-09-05 15:24:45,788 INFO 3536 [egg-security] use nosniff middleware
2020-09-05 15:24:45,788 INFO 3536 [egg-security] use xssProtection middleware
2020-09-05 15:24:45,788 INFO 3536 [egg-security] use xframe middleware
2020-09-05 15:24:45,788 INFO 3536 [egg-security] use dta middleware
2020-09-05 15:24:45,788 INFO 3536 [egg-security] compose 6 middlewares into one security middleware
2020-09-05 15:24:45,794 INFO 3536 [egg:core] dump config after load, 3ms
2020-09-05 15:24:45,801 INFO 3536 [egg-watcher:application] watcher start success
2020-09-05 15:24:45,805 INFO 3536 [egg:core] dump config after ready, 3ms
2020-09-05 15:28:03,894 INFO 3952 [egg:logger] init all loggers with options: {"dir":"/Users/reng/Desktop/egg-demo/logs/egg-demo","encoding":"utf8","env":"local","level":"INFO","consoleLevel":"INFO","disableConsoleAfterReady":false,"outputJSON":false,"buffer":true,"appLogName":"egg-demo-web.log","coreLogName":"egg-web.log","agentLogName":"egg-agent.log","errorLogName":"common-error.log","coreLogger":{"consoleLevel":"WARN"},"allowDebugAtProd":false,"type":"application"}
2020-09-05 15:28:03,910 INFO 3952 [egg-multipart] stream mode enable
2020-09-05 15:28:03,946 INFO 3952 [egg-static] starting static serve /public/ -> /Users/reng/Desktop/egg-demo/app/public
2020-09-05 15:28:03,948 INFO 3952 [egg-security] use methodnoallow middleware
2020-09-05 15:28:03,948 INFO 3952 [egg-security] use noopen middleware
2020-09-05 15:28:03,948 INFO 3952 [egg-security] use nosniff middleware
2020-09-05 15:28:03,949 INFO 3952 [egg-security] use xssProtection middleware
2020-09-05 15:28:03,949 INFO 3952 [egg-security] use xframe middleware
2020-09-05 15:28:03,949 INFO 3952 [egg-security] use dta middleware
2020-09-05 15:28:03,949 INFO 3952 [egg-security] compose 6 middlewares into one security middleware
2020-09-05 15:28:03,955 INFO 3952 [egg:core] dump config after load, 3ms
2020-09-05 15:28:03,961 INFO 3952 [egg-watcher:application] watcher start success
2020-09-05 15:28:03,966 INFO 3952 [egg:core] dump config after ready, 3ms
2020-09-05 15:30:37,314 INFO 4253 [egg:logger] init all loggers with options: {"dir":"/Users/reng/Desktop/egg-demo/logs/egg-demo","encoding":"utf8","env":"local","level":"INFO","consoleLevel":"INFO","disableConsoleAfterReady":false,"outputJSON":false,"buffer":true,"appLogName":"egg-demo-web.log","coreLogName":"egg-web.log","agentLogName":"egg-agent.log","errorLogName":"common-error.log","coreLogger":{"consoleLevel":"WARN"},"allowDebugAtProd":false,"type":"application"}
2020-09-05 15:30:37,343 INFO 4253 [egg-multipart] stream mode enable
2020-09-05 15:30:37,448 INFO 4253 [egg-static] starting static serve /public/ -> /Users/reng/Desktop/egg-demo/app/public
2020-09-05 15:30:37,450 INFO 4253 [egg-security] use methodnoallow middleware
2020-09-05 15:30:37,451 INFO 4253 [egg-security] use noopen middleware
2020-09-05 15:30:37,453 INFO 4253 [egg-security] use nosniff middleware
2020-09-05 15:30:37,454 INFO 4253 [egg-security] use xssProtection middleware
2020-09-05 15:30:37,454 INFO 4253 [egg-security] use xframe middleware
2020-09-05 15:30:37,455 INFO 4253 [egg-security] use dta middleware
2020-09-05 15:30:37,455 INFO 4253 [egg-security] compose 6 middlewares into one security middleware
2020-09-05 15:30:37,461 INFO 4253 [egg:core] dump config after load, 3ms
2020-09-05 15:30:37,469 INFO 4253 [egg-watcher:application] watcher start success
2020-09-05 15:30:37,475 INFO 4253 [egg:core] dump config after ready, 4ms
2020-09-05 15:47:55,222 WARN 4253 [TCPBase] socket is closed by other side while there were still unhandled data in the socket buffer
2020-09-05 15:47:55,227 WARN 4253 [ClusterClient:Watcher] follower closed, and try to init it again
2020-09-05 18:42:58,388 INFO 25287 [egg:logger] init all loggers with options: {"dir":"/Users/reng/Desktop/egg-demo/logs/egg-demo","encoding":"utf8","env":"local","level":"INFO","consoleLevel":"INFO","disableConsoleAfterReady":false,"outputJSON":false,"buffer":true,"appLogName":"egg-demo-web.log","coreLogName":"egg-web.log","agentLogName":"egg-agent.log","errorLogName":"common-error.log","coreLogger":{"consoleLevel":"WARN"},"allowDebugAtProd":false,"type":"application"}
2020-09-05 18:42:58,410 INFO 25287 [egg-multipart] stream mode enable
2020-09-05 18:42:58,506 INFO 25287 [egg-static] starting static serve /public/ -> /Users/reng/Desktop/egg-demo/app/public
2020-09-05 18:42:58,510 INFO 25287 [egg-security] use methodnoallow middleware
2020-09-05 18:42:58,511 INFO 25287 [egg-security] use noopen middleware
2020-09-05 18:42:58,513 INFO 25287 [egg-security] use nosniff middleware
2020-09-05 18:42:58,514 INFO 25287 [egg-security] use xssProtection middleware
2020-09-05 18:42:58,516 INFO 25287 [egg-security] use xframe middleware
2020-09-05 18:42:58,517 INFO 25287 [egg-security] use dta middleware
2020-09-05 18:42:58,517 INFO 25287 [egg-security] compose 6 middlewares into one security middleware
2020-09-05 18:42:58,530 INFO 25287 [egg:core] dump config after load, 8ms
2020-09-05 18:42:58,538 INFO 25287 [egg-watcher:application] watcher start success
2020-09-05 18:42:58,542 INFO 25287 [egg:core] dump config after ready, 3ms
